FBApi Вт май 3 18:32:29 2016  Authentication:https://www.facebook.com/login.php?login_attempt=1&lwv=110?client_id=&redirect_uri=http://www.facebook.com/connect/login_success.html&type=user_agent&display=popup&scope=publish_actions,user_groups
FBApi Вт май 3 18:32:31 2016  ---------------------------------------------------
FBApi Вт май 3 18:32:31 2016  Item Url:https://www.facebook.com/login.php?login_attempt=1&lwv=110?client_id=&redirect_uri=http://www.facebook.com/connect/login_success.html&type=user_agent&display=popup&scope=publish_actions,user_groups
FBApi Вт май 3 18:32:31 2016  Content Type:text/html
FBApi Вт май 3 18:32:31 2016  ---------------------------------------------------
FBApi Вт май 3 18:32:31 2016  Item Url:https://www.facebook.com/login.php?login_attempt=1&lwv=110?client_id=&redirect_uri=http://www.facebook.com/connect/login_success.html&type=user_agent&display=popup&scope=publish_actions,user_groups
FBApi Вт май 3 18:32:31 2016  Content Type:text/html
FBApi Вт май 3 18:32:53 2016  ---------------------------------------------------
FBApi Вт май 3 18:32:53 2016  Item Url:https://www.facebook.com/login.php?login_attempt=1&popup=1&lwv=100
FBApi Вт май 3 18:32:53 2016  Content Type:text/html
FBApi Вт май 3 18:32:54 2016  ---------------------------------------------------
FBApi Вт май 3 18:32:54 2016  Item Url:https://www.facebook.com/
FBApi Вт май 3 18:32:54 2016  Content Type:text/html
FBApi Вт май 3 18:32:56 2016  ---------------------------------------------------
FBApi Вт май 3 18:32:56 2016  Item Url:https://staticxx.facebook.com/common/referer_frame.php
FBApi Вт май 3 18:32:56 2016  Content Type:text/html; charset=utf-8
FBApi Вт май 3 18:32:56 2016  ---------------------------------------------------
FBApi Вт май 3 18:32:56 2016  Item Url:https://www.facebook.com/sem_campaigns/sem_pixel_test/?google_pixel_category=1&google_pixel_src=https%3A%2F%2Fgoogleads.g.doubleclick.net%2Fpagead%2Fviewthroughconversion%2F995153884%2F%3Fvalue%3D1.00%26currency_code%3DUSD%26label%3DOfKoCPXz2VwQ3K_D2gM%26guid%3DON%26script%3D0
FBApi Вт май 3 18:32:56 2016  Content Type:text/html
FBApi Вт май 3 18:32:57 2016  ---------------------------------------------------
FBApi Вт май 3 18:32:57 2016  Item Url:https://www.google.com/ads/user-lists/995153884/?label=OfKoCPXz2VwQ3K_D2gM&script=0&random=1847979706
FBApi Вт май 3 18:32:57 2016  Content Type:text/html; charset=UTF-8
FBApi Вт май 3 18:34:43 2016  Authentication:https://www.facebook.com/login.php?login_attempt=1&lwv=110?client_id=&redirect_uri=http://www.facebook.com/connect/login_success.html&type=user_agent&display=popup&scope=publish_actions,user_groups
FBApi Вт май 3 18:34:46 2016  ---------------------------------------------------
FBApi Вт май 3 18:34:46 2016  Item Url:https://www.facebook.com/login.php?login_attempt=1&lwv=110?client_id=&redirect_uri=http://www.facebook.com/connect/login_success.html&type=user_agent&display=popup&scope=publish_actions,user_groups
FBApi Вт май 3 18:34:46 2016  Content Type:text/html
FBApi Вт май 3 18:34:46 2016  ---------------------------------------------------
FBApi Вт май 3 18:34:46 2016  Item Url:https://www.facebook.com/login.php?login_attempt=1&lwv=110?client_id=&redirect_uri=http://www.facebook.com/connect/login_success.html&type=user_agent&display=popup&scope=publish_actions,user_groups
FBApi Вт май 3 18:34:46 2016  Content Type:text/html
FBApi Вт май 3 18:35:07 2016  ---------------------------------------------------
FBApi Вт май 3 18:35:07 2016  Item Url:https://www.facebook.com/login.php?login_attempt=1&popup=1&lwv=100
FBApi Вт май 3 18:35:07 2016  Content Type:text/html
FBApi Вт май 3 18:35:13 2016  ---------------------------------------------------
FBApi Вт май 3 18:35:13 2016  Item Url:https://www.facebook.com/settings?ref=mb&drop
FBApi Вт май 3 18:35:13 2016  Content Type:text/html
FBApi Вт май 3 18:35:20 2016  Authentication:https://www.facebook.com/login.php?login_attempt=1&lwv=110?client_id=&redirect_uri=http://www.facebook.com/connect/login_success.html&type=user_agent&display=popup&scope=publish_actions,user_groups
FBApi Вт май 3 18:35:21 2016  ---------------------------------------------------
FBApi Вт май 3 18:35:21 2016  Item Url:https://www.facebook.com/login.php?login_attempt=1&lwv=110?client_id=&redirect_uri=http://www.facebook.com/connect/login_success.html&type=user_agent&display=popup&scope=publish_actions,user_groups
FBApi Вт май 3 18:35:21 2016  Content Type:text/html
FBApi Вт май 3 18:35:21 2016  ---------------------------------------------------
FBApi Вт май 3 18:35:21 2016  Item Url:https://www.facebook.com/login.php?login_attempt=1&lwv=110?client_id=&redirect_uri=http://www.facebook.com/connect/login_success.html&type=user_agent&display=popup&scope=publish_actions,user_groups
FBApi Вт май 3 18:35:21 2016  Content Type:text/html
FBApi Вт май 3 18:35:41 2016  ---------------------------------------------------
FBApi Вт май 3 18:35:41 2016  Item Url:https://pixel.facebook.com/si/kappa/?Ko=a&__a=1&__be=0&__dyn=7xeXxmdwgp8fodoyEhy8jXWo466E4a68K5U4e1FxZ3ocU9UKaxe3K7E4i3K5Uy5ob8aUbo6Ou&__pc=EXP1%3ADEFAULT&__req=5&__rev=2315471&__user=0&asyncSignal=3128&lsd=AVp2IwAA
FBApi Вт май 3 18:35:41 2016  Content Type:text/html
FBApi Вт май 3 18:35:45 2016  ---------------------------------------------------
FBApi Вт май 3 18:35:45 2016  Item Url:https://pixel.facebook.com/si/kappa/?Ko=a&__a=1&__be=0&__dyn=7xeXxmdwgp8fodoyEhy8jXWo466E4a68K5U4e1FxZ3ocU9UKaxe3K7E4i3K5Uy5ob8aUbo6Ou&__pc=EXP1%3ADEFAULT&__req=6&__rev=2315471&__user=0&asyncSignal=8536&lsd=AVp2IwAA
FBApi Вт май 3 18:35:45 2016  Content Type:text/html
FBApi Вт май 3 18:35:50 2016  ---------------------------------------------------
FBApi Вт май 3 18:35:50 2016  Item Url:https://pixel.facebook.com/si/kappa/?Ko=a&__a=1&__be=0&__dyn=7xeXxmdwgp8fodoyEhy8jXWo466E4a68K5U4e1FxZ3ocU9UKaxe3K7E4i3K5Uy5ob8aUbo6Ou&__pc=EXP1%3ADEFAULT&__req=7&__rev=2315471&__user=0&asyncSignal=8055&lsd=AVp2IwAA
FBApi Вт май 3 18:35:50 2016  Content Type:text/html
FBApi Вт май 3 18:35:52 2016  ---------------------------------------------------
FBApi Вт май 3 18:35:52 2016  Item Url:https://www.facebook.com/login.php?login_attempt=1&popup=1&lwv=100
FBApi Вт май 3 18:35:52 2016  Content Type:text/html
FBApi Вт май 3 18:35:55 2016  ---------------------------------------------------
FBApi Вт май 3 18:35:55 2016  Item Url:https://www.facebook.com/
FBApi Вт май 3 18:35:55 2016  Content Type:text/html
FBApi Вт май 3 18:35:58 2016  ---------------------------------------------------
FBApi Вт май 3 18:35:58 2016  Item Url:https://staticxx.facebook.com/common/referer_frame.php
FBApi Вт май 3 18:35:58 2016  Content Type:text/html; charset=utf-8
FBApi Вт май 3 18:35:59 2016  ---------------------------------------------------
FBApi Вт май 3 18:35:59 2016  Item Url:https://www.facebook.com/sem_campaigns/sem_pixel_test/?google_pixel_category=1&google_pixel_src=https%3A%2F%2Fgoogleads.g.doubleclick.net%2Fpagead%2Fviewthroughconversion%2F995153884%2F%3Fvalue%3D1.00%26currency_code%3DUSD%26label%3DOfKoCPXz2VwQ3K_D2gM%26guid%3DON%26script%3D0
FBApi Вт май 3 18:35:59 2016  Content Type:text/html
FBApi Вт май 3 18:35:59 2016  ---------------------------------------------------
FBApi Вт май 3 18:35:59 2016  Item Url:https://www.google.com/ads/user-lists/995153884/?label=OfKoCPXz2VwQ3K_D2gM&script=0&random=678072076
FBApi Вт май 3 18:35:59 2016  Content Type:text/html; charset=UTF-8
FBApi Вт май 3 18:36:09 2016  ---------------------------------------------------
FBApi Вт май 3 18:36:09 2016  Item Url:https://www.facebook.com/ajax/home/generic.php?dpr=1&ajaxpipe=1&ajaxpipe_token=AXgpINz9ng0Yqt8Q&no_script_path=1&sidecol=true&path=%2F&sk=nf&key=nf&endpoint=%2Fajax%2Fhome%2Fgeneric.php&__user=100003108375192&__a=1&__dyn=aKhoFeyfyGgIwmgDxyG8EihUWdiKbxqbAKGiyEyfirWo8popyui9zob4q8yp49UnyUnx-2O2KfgvkwzCwGSUWUPhbDG4Xxm267Ef9VVpo9XxemFEW2Pxuicx2q5omgqwwyoCium8w&__req=jsonp_2&__be=0&__pc=EXP1%3ADEFAULT&__rev=2315471&__adt=2
FBApi Вт май 3 18:36:09 2016  Content Type:text/html; charset=utf-8
FBApi Вт май 3 18:36:10 2016  ---------------------------------------------------
FBApi Вт май 3 18:36:10 2016  Item Url:https://www.facebook.com/xti.php?xt=7.ei.AQKiPn6hQHd7205u8XTSMq_oOq4WiBG9Bx85w510Pj-p50tMiH4WxO7_d1VzhdFvyDNZ65ve8kb5L5CqEvTJejz4k6rj76BfYh16QKcakX8CfW9LOPRXXTVNLdCMLuVGkfTE09YH8IRNht6KRAtSdRp4jf2g3BIUxAsd8uFIVClUvedTA9MOK_NXt_WMEOqJB8BZHp5cd0pOu5gUePuSGJXLts355iOw0ZMFm3T9hGup26YxDj7N_gJ9umBqCKRSjkmgTSjOUZ-MPQWwGDFdVM1aVW8542s93dRawPh1pukPhC1SO_U-NS92J5FQ7RBD1kp0Xjk-2RqgHXa8ElA4jmWzNBE_ou6kivOmBB04YAY48Ol2EJBAwA3Px_ssQve2Uehp0YGwklSM8umE-iid3J7WzHXk4Ybz8TyrXeEHkJQlEPcyGFjxZwJKPFX9b6qIPYyx8jiPMgpzlJkUIxdKPcM27QanHoM7xtO4FJTTiQunVPD8jC1Hh1NYRSbvrd1qaQNFGmKsjmEdz_poYx_s56kU8jk-b_LfbbyBdx2k9i5dMcfgKYCDu2bpVuLfI02hbfzUYhX8dMxRhLlP6GbCqadolUTTUZX3i6-aYXX72b-ws3166PGXKgsEdWXV2Ca5C4-bLvUSbM5hw6BK9G383iVSANrViNVAZ3lvotDmBDkvDGThxE4Vr5_OdMYNC1gO4zX_bEsIiOtGuHOVlnMeAhScw4p8P_lSlBZ8m9EP2x-428dZjTbTSBW5ieWADNNYeRJSeLP2iwkld-sS7NlCjkFAYYmWdlEWcIm6sVSm48Qjs_pmAcOsbn7LeW6K3Z8U2iAFzHwzzZjdehcFgDPt5NP4D9Yb2jLLtrhVv73SQq1d1YX0hcQ1YzyFe-uJYMm_xcuOYgzsSL6OU3rRvGDfMpxkL_mg8-d9tN6jijMxjuP0TIwWiGxkIn_I-vKUYBS4M-unedaBGWSgDRm6HIOqtzV7UbIPnsR8K4inG6eyYv4eyEAZ1nBtmkOMrg24OZ5qDJyEkbKpEe3p65hOACF5PcpLsUK69ZXSQdBzWv-HtN8PyLqh9UH56JHvUaYoZ-m9r65s4tClwS5d3wRJZDFCMKSuP3HFBPv-_XayxoArQhsnAxnoz1lun7qNS2fFXp1dX_hnclPTTyruhgq1-BFz1SGhlpV5fjS36bprO6DUXEZ6rYzHd_qR5fwk1Kd-BihvNaHcZoJjC1VPGtRSATHkYHsW5Uq3-m-X6D1A1OPQrhrGWUMWipbBucuP6FGDvhVmyvpz2CLYtWcv-sw2SHOYVoZ-OqNCypXo3t2k5ILlpVGlQLxaTy9rIZgisUALs-qeibMW2NhnLpi79Y8CT19abH9QrGzAYfMKw6BmcpKqnp2DxnswiTHN82LebiafTFA2Yw4XW199Pl27Mqu-KmJGXDVs-FPwFoZKOrWXQZKez_dwHH9qs6PzrXaY8pbQL-nCxl0e1CoeyAFzDxZVJVcQZvhltQi5iqeprF4hjNT4pg5y18w02wkMkFzPAPJ8rOVuI0ulcQPbQICmSUENoFyxVg1i9IKnWid5O2JCWJGQiGla6UoXk3D2dIxWzEynmbRct1riqZDKWd4lKi10gDPoer3iDseDsuw52krXLIDVXmUhHrokyoDhqeiaogtmCylMEExTctvl1qG4Hs6Tyj0GryJXv3A44b8BvocXvtEyU4Wh6-gIztsFXPJjBw4IMfXGkr7-7tE9KHcdZSWAFiwIR5m591ejYrADFKOgIaCL-Mdl34fI2M80gWnUblQ47HODjAfWuACevOftKCasaoTse_kCt7L2uf8fJwiqBPe4y91rt8O_rsb2Q92NTqwANbEyUex7xaI1-De02s5Od7TdeWf1ik8UzpsjEQQwjH2z7jEUory8_RQMe44nDF6PMoUy6jisq9sSBRgaCxKDaLrD-q_6clA8cMHjndRpTPt_9fvmCUIVy7IT8DFTBvhMnGPdTKM_ZvIROV88RRunZLClE-WjeSFIXYZh-_0pa-A-UBqxdxINTBw9vtIFzE0RwNKnR-MklI_k_gjE_fJ9cGTW5sSeH2d_iXPGlJLBNck1doaFkopH8Wsryx65XFEQvdgbv5GjhMKkv3eC59O85ccE1lUqmyCd1TQB8ghQ901fFYua-bdZDxsBN4cp9ZaXIxz71TgjVHyFHCAY7315b6cQ1xwFhL6ojUGiNiiRtIEu-rCVOhxhRUdbpfWlAYtVnXUbI6twEwXNBXrZ-MKQAhmfe3Pnl5uAL3uiXUR-LJ7l2iRv0e4IVkHFLYwUtpF4MyQovSYp7vz1is4L8hblnCpzZ3QBN0y4W5YrbMnX-zHtZNhXzgxH8RnIGnLgNFIihA7IUxkjTpfdZqVGe0RArybwAYIKO9vPgsd5KNIAQ5JhSyOCb8CjmGOp7ocO7i0D1524ADoyW5jSS4f7RfIRxmnToTa69NrAOmENIPmP2kNfLSXM_hIPG4MqfaQdhYjBro2-S7xG2mygwizVLmXvhgeFEf_b7te17cchKwb7SXkjQTlQZAmFhHe6CSkO3TpAFb87eD561z21O8tAQVfXmKdqKV1ADNyjS-57Vbd3a2R_YcoWx4RwvyA7y6Wfp7Ie9Yz6vsUaCz431I650MudHqQFM9AHZsmIsLnbl1N9kiBOwklfDJYMhMrZEZETZOVp5u1I0LujGOIEOGqVZHZsA_H4CpKJcXIY1hp1jHW5V6M5LRdeXqRVJ_N4eogllIRTCU68NP4_QVCvajFtUd5UE-vMPBrF8HyKKicxiAPttzWcJfQ7DBbpSQVsqQvT_NMykD0QHdTwJlZqPLCKMr8b0LaoWuZK9EH64QUpSlffuZIYypsPr5wLKHJEcViU3LmEdUHd5JOVEHHa3pZtDRq5ejVwfMNK07he5lxLYxy9qBGFaI1BxeLkMur2MWzRejuFfJpw9q6fMLrua9gcDLQitDOo_aQ8kpqrGeFqCSkh7IwowpD6R574l6bL7RuC5M74YrU6T4gCzcSRtvNynH23aSRW-0s9BMslE6v9ZtMzX39t_A-OeZIzE-7Id0X7NeokMHXoaaMSuF3mB4vl2fHk3Sy-3n2l7C-HUGQZg1I71GYZWZXGQ96bWkUkikP7dO3XbcXkQDk1bAJ07h_8NBKm3ZfHmbn7DXACGSg9QgKOODzeovzNgfbRmzD_fRmJRU3Htl1obBkbD3mFvuOWgHuVQxqWtrqVkbebhaGe4L8URIO-I2TXU_UDi0bQJDFxaKgNWDX46xFdTMMz_FUO9lYTiAV19ADBlD293TGU2Y70baZ6b7NzniT7nDbjgjRr4mqsddndjr0U_gJDYmS4hk2bueMiBavjCov8C9aI8BJsY_7Mrb5m0Bx4FOzSGTV7N1A20pXVdOpPQvrFuvbZW3lzSHh31ncfupHA-8S-NxclPJinTGtq3nkFDCHWwbJkCxLg_IbtVWzB-kGMyUJ2axPtQvGA2q35E-7VGMch1z56d4hlQlcD1NqEOQ6ZNgNb-60k5n0GNna0rK70-NWT7Fs8Z4UOVjiLWaNYHn6Faz2gYE0jCGGy_rgyaFj8hZhfBVfk2gUiWkTz3R0yoqjToeohE8EDBOHaFNYECmxLZ1ZnRo1sQf4iO-EtQ-_vP1zs_2R0HHugoG7I-EkSjSCpR6wYTAJDsIuStcfEqFmXved1gBraYoBWd9LHxtSdtHJOOBH_5hipYLu7rdtFFig-TfJrutUuCwZzpNQFkFPEcAzznvYDvxTa0zQhfJDdHqTsqwxESgV_t21-bcfYrNLbfXun-MhuqhvM3g7H1NgYxPfLZMZXKuEWQeUUDEuFQhTpU5wC-evVqvDdMTlvrgTZOXI9UKMhM6g8eCHNXAmVJEtnWhFUQDU5wIvEHZxB6fYtsOwLtsEGCwC-vCd5HV3OsSyOop0UdoaGC5acwVGSTG5t3emZy9sFSQanpgdrsjRHac0yv7nsQjOJsXMQ6UGDDwvCUuUthW-11sf1_h10wuzOgoOjsJ5Jzjiya8wgSwg_Ex736CFHidvV_nIsWbQeVNybr50POPMDTrqUI5XG-bPqeJQBOkSbC6r8f3sZM70yw8m5dxb-YAI
FBApi Вт май 3 18:36:10 2016  Content Type:text/html
FBApi Вт май 3 18:36:12 2016  ---------------------------------------------------
FBApi Вт май 3 18:36:12 2016  Item Url:https://www.facebook.com/xti.php?xt=7.ei.AQKiPn6hQHd7205u8XTSMq_oOq4WiBG9Bx85w510Pj-p50tMiH4WxO7_d1VzhdFvyDNZ65ve8kb5L5CqEvTJejz4k6rj76BfYh16QKcakX8CfW9LOPRXXTVNLdCMLuVGkfTE09YH8IRNht6KRAtSdRp4jf2g3BIUxAsd8uFIVClUvedTA9MOK_NXt_WMEOqJB8BZHp5cd0pOu5gUePuSGJXLts355iOw0ZMFm3T9hGup26YxDj7N_gJ9umBqCKRSjkmgTSjOUZ-MPQWwGDFdVM1aVW8542s93dRawPh1pukPhC1SO_U-NS92J5FQ7RBD1kp0Xjk-2RqgHXa8ElA4jmWzNBE_ou6kivOmBB04YAY48Ol2EJBAwA3Px_ssQve2Uehp0YGwklSM8umE-iid3J7WzHXk4Ybz8TyrXeEHkJQlEPcyGFjxZwJKPFX9b6qIPYyx8jiPMgpzlJkUIxdKPcM27QanHoM7xtO4FJTTiQunVPD8jC1Hh1NYRSbvrd1qaQNFGmKsjmEdz_poYx_s56kU8jk-b_LfbbyBdx2k9i5dMcfgKYCDu2bpVuLfI02hbfzUYhX8dMxRhLlP6GbCqadolUTTUZX3i6-aYXX72b-ws3166PGXKgsEdWXV2Ca5C4-bLvUSbM5hw6BK9G383iVSANrViNVAZ3lvotDmBDkvDGThxE4Vr5_OdMYNC1gO4zX_bEsIiOtGuHOVlnMeAhScw4p8P_lSlBZ8m9EP2x-428dZjTbTSBW5ieWADNNYeRJSeLP2iwkld-sS7NlCjkFAYYmWdlEWcIm6sVSm48Qjs_pmAcOsbn7LeW6K3Z8U2iAFzHwzzZjdehcFgDPt5NP4D9Yb2jLLtrhVv73SQq1d1YX0hcQ1YzyFe-uJYMm_xcuOYgzsSL6OU3rRvGDfMpxkL_mg8-d9tN6jijMxjuP0TIwWiGxkIn_I-vKUYBS4M-unedaBGWSgDRm6HIOqtzV7UbIPnsR8K4inG6eyYv4eyEAZ1nBtmkOMrg24OZ5qDJyEkbKpEe3p65hOACF5PcpLsUK69ZXSQdBzWv-HtN8PyLqh9UH56JHvUaYoZ-m9r65s4tClwS5d3wRJZDFCMKSuP3HFBPv-_XayxoArQhsnAxnoz1lun7qNS2fFXp1dX_hnclPTTyruhgq1-BFz1SGhlpV5fjS36bprO6DUXEZ6rYzHd_qR5fwk1Kd-BihvNaHcZoJjC1VPGtRSATHkYHsW5Uq3-m-X6D1A1OPQrhrGWUMWipbBucuP6FGDvhVmyvpz2CLYtWcv-sw2SHOYVoZ-OqNCypXo3t2k5ILlpVGlQLxaTy9rIZgisUALs-qeibMW2NhnLpi79Y8CT19abH9QrGzAYfMKw6BmcpKqnp2DxnswiTHN82LebiafTFA2Yw4XW199Pl27Mqu-KmJGXDVs-FPwFoZKOrWXQZKez_dwHH9qs6PzrXaY8pbQL-nCxl0e1CoeyAFzDxZVJVcQZvhltQi5iqeprF4hjNT4pg5y18w02wkMkFzPAPJ8rOVuI0ulcQPbQICmSUENoFyxVg1i9IKnWid5O2JCWJGQiGla6UoXk3D2dIxWzEynmbRct1riqZDKWd4lKi10gDPoer3iDseDsuw52krXLIDVXmUhHrokyoDhqeiaogtmCylMEExTctvl1qG4Hs6Tyj0GryJXv3A44b8BvocXvtEyU4Wh6-gIztsFXPJjBw4IMfXGkr7-7tE9KHcdZSWAFiwIR5m591ejYrADFKOgIaCL-Mdl34fI2M80gWnUblQ47HODjAfWuACevOftKCasaoTse_kCt7L2uf8fJwiqBPe4y91rt8O_rsb2Q92NTqwANbEyUex7xaI1-De02s5Od7TdeWf1ik8UzpsjEQQwjH2z7jEUory8_RQMe44nDF6PMoUy6jisq9sSBRgaCxKDaLrD-q_6clA8cMHjndRpTPt_9fvmCUIVy7IT8DFTBvhMnGPdTKM_ZvIROV88RRunZLClE-WjeSFIXYZh-_0pa-A-UBqxdxINTBw9vtIFzE0RwNKnR-MklI_k_gjE_fJ9cGTW5sSeH2d_iXPGlJLBNck1doaFkopH8Wsryx65XFEQvdgbv5GjhMKkv3eC59O85ccE1lUqmyCd1TQB8ghQ901fFYua-bdZDxsBN4cp9ZaXIxz71TgjVHyFHCAY7315b6cQ1xwFhL6ojUGiNiiRtIEu-rCVOhxhRUdbpfWlAYtVnXUbI6twEwXNBXrZ-MKQAhmfe3Pnl5uAL3uiXUR-LJ7l2iRv0e4IVkHFLYwUtpF4MyQovSYp7vz1is4L8hblnCpzZ3QBN0y4W5YrbMnX-zHtZNhXzgxH8RnIGnLgNFIihA7IUxkjTpfdZqVGe0RArybwAYIKO9vPgsd5KNIAQ5JhSyOCb8CjmGOp7ocO7i0D1524ADoyW5jSS4f7RfIRxmnToTa69NrAOmENIPmP2kNfLSXM_hIPG4MqfaQdhYjBro2-S7xG2mygwizVLmXvhgeFEf_b7te17cchKwb7SXkjQTlQZAmFhHe6CSkO3TpAFb87eD561z21O8tAQVfXmKdqKV1ADNyjS-57Vbd3a2R_YcoWx4RwvyA7y6Wfp7Ie9Yz6vsUaCz431I650MudHqQFM9AHZsmIsLnbl1N9kiBOwklfDJYMhMrZEZETZOVp5u1I0LujGOIEOGqVZHZsA_H4CpKJcXIY1hp1jHW5V6M5LRdeXqRVJ_N4eogllIRTCU68NP4_QVCvajFtUd5UE-vMPBrF8HyKKicxiAPttzWcJfQ7DBbpSQVsqQvT_NMykD0QHdTwJlZqPLCKMr8b0LaoWuZK9EH64QUpSlffuZIYypsPr5wLKHJEcViU3LmEdUHd5JOVEHHa3pZtDRq5ejVwfMNK07he5lxLYxy9qBGFaI1BxeLkMur2MWzRejuFfJpw9q6fMLrua9gcDLQitDOo_aQ8kpqrGeFqCSkh7IwowpD6R574l6bL7RuC5M74YrU6T4gCzcSRtvNynH23aSRW-0s9BMslE6v9ZtMzX39t_A-OeZIzE-7Id0X7NeokMHXoaaMSuF3mB4vl2fHk3Sy-3n2l7C-HUGQZg1I71GYZWZXGQ96bWkUkikP7dO3XbcXkQDk1bAJ07h_8NBKm3ZfHmbn7DXACGSg9QgKOODzeovzNgfbRmzD_fRmJRU3Htl1obBkbD3mFvuOWgHuVQxqWtrqVkbebhaGe4L8URIO-I2TXU_UDi0bQJDFxaKgNWDX46xFdTMMz_FUO9lYTiAV19ADBlD293TGU2Y70baZ6b7NzniT7nDbjgjRr4mqsddndjr0U_gJDYmS4hk2bueMiBavjCov8C9aI8BJsY_7Mrb5m0Bx4FOzSGTV7N1A20pXVdOpPQvrFuvbZW3lzSHh31ncfupHA-8S-NxclPJinTGtq3nkFDCHWwbJkCxLg_IbtVWzB-kGMyUJ2axPtQvGA2q35E-7VGMch1z56d4hlQlcD1NqEOQ6ZNgNb-60k5n0GNna0rK70-NWT7Fs8Z4UOVjiLWaNYHn6Faz2gYE0jCGGy_rgyaFj8hZhfBVfk2gUiWkTz3R0yoqjToeohE8EDBOHaFNYECmxLZ1ZnRo1sQf4iO-EtQ-_vP1zs_2R0HHugoG7I-EkSjSCpR6wYTAJDsIuStcfEqFmXved1gBraYoBWd9LHxtSdtHJOOBH_5hipYLu7rdtFFig-TfJrutUuCwZzpNQFkFPEcAzznvYDvxTa0zQhfJDdHqTsqwxESgV_t21-bcfYrNLbfXun-MhuqhvM3g7H1NgYxPfLZMZXKuEWQeUUDEuFQhTpU5wC-evVqvDdMTlvrgTZOXI9UKMhM6g8eCHNXAmVJEtnWhFUQDU5wIvEHZxB6fYtsOwLtsEGCwC-vCd5HV3OsSyOop0UdoaGC5acwVGSTG5t3emZy9sFSQanpgdrsjRHac0yv7nsQjOJsXMQ6UGDDwvCUuUthW-11sf1_h10wuzOgoOjsJ5Jzjiya8wgSwg_Ex736CFHidvV_nIsWbQeVNybr50POPMDTrqUI5XG-bPqeJQBOkSbC6r8f3sZM70yw8m5dxb-YAI&isv=1&cts=1462289771
FBApi Вт май 3 18:36:12 2016  Content Type:text/html
FBApi Вт май 3 18:36:13 2016  ---------------------------------------------------
FBApi Вт май 3 18:36:13 2016  Item Url:https://www.facebook.com/ajax/pagelet/generic.php/LitestandMoreStoriesPagelet?dpr=1&ajaxpipe=1&ajaxpipe_token=AXgpINz9ng0Yqt8Q&no_script_path=1&data=%7B%22cursor%22%3A%22MTQ2MjI4OTc2OToxNDYyMjg5NzY5OjI6Njc2OTA3NzExNjg5OTUzNjk1OToxNDYyMjg5NzY5OjA6MDoxNQ%3D%3D%22%2C%22pager_config%22%3A%22%7B%5C%22edge%5C%22%3Anull%2C%5C%22source_id%5C%22%3Anull%2C%5C%22section_id%5C%22%3A%5C%22408239535924329%5C%22%2C%5C%22pause_at%5C%22%3Anull%2C%5C%22stream_id%5C%22%3Anull%2C%5C%22section_type%5C%22%3A1%2C%5C%22sizes%5C%22%3Anull%2C%5C%22most_recent%5C%22%3Afalse%2C%5C%22ranking_model%5C%22%3Anull%2C%5C%22query_context%5C%22%3A[]%7D%22%2C%22pager_id%22%3A%22u_jsonp_2_2t%22%2C%22scroll_count%22%3A1%2C%22feed_stream_id%22%3A7269120%2C%22story_id%22%3Anull%2C%22client_stories_count%22%3A2%7D&__user=100003108375192&__a=1&__dyn=aKhoFeyfyGgIwmgDxyG8EihUWdiKbxqbAKGiyEyfirWo8ponUDAyoS2N6y8Ch2u5UK5UvwIwHzQ7R88VEaJKeKcQiVWxeUlwxxW3Ouumm2uUjBGqewIUnAz8gCxm5A6E88C9ADBy8&__req=jsonp_3&__be=0&__pc=EXP1%3ADEFAULT&__rev=2315471&__adt=3
FBApi Вт май 3 18:36:13 2016  Content Type:text/html; charset=utf-8
FBApi Вт май 3 18:36:15 2016  ---------------------------------------------------
FBApi Вт май 3 18:36:15 2016  Item Url:https://sync.liverail.com/?a=AQ4gEOMGfFEqdW4x-f9jbr-ol0IQlLNsvBnjazCa02qcpEakI27tVJhLHsEY8FCeje8vKXfbUVsC0JpZbnOP253n0vihuxRLaKi4ODF752U0PNH0rZMISG1nuQfv_H4COi8&c=1378781908&l=0
FBApi Вт май 3 18:36:15 2016  Content Type:text/html
FBApi Вт май 3 18:39:01 2016  Authentication:https://www.facebook.com/login.php?login_attempt=1&lwv=110?client_id=&redirect_uri=http://www.facebook.com/connect/login_success.html&type=user_agent&display=popup&scope=publish_actions,user_groups
FBApi Вт май 3 18:39:03 2016  ---------------------------------------------------
FBApi Вт май 3 18:39:03 2016  Item Url:https://www.facebook.com/login.php?login_attempt=1&lwv=110?client_id=&redirect_uri=http://www.facebook.com/connect/login_success.html&type=user_agent&display=popup&scope=publish_actions,user_groups
FBApi Вт май 3 18:39:03 2016  Content Type:text/html
FBApi Вт май 3 18:39:03 2016  ---------------------------------------------------
FBApi Вт май 3 18:39:03 2016  Item Url:https://www.facebook.com/login.php?login_attempt=1&lwv=110?client_id=&redirect_uri=http://www.facebook.com/connect/login_success.html&type=user_agent&display=popup&scope=publish_actions,user_groups
FBApi Вт май 3 18:39:03 2016  Content Type:text/html
FBApi Вт май 3 18:39:37 2016  Authentication:https://www.facebook.com/login.php?login_attempt=1&lwv=110?client_id=&redirect_uri=http://www.facebook.com/connect/login_success.html&type=user_agent&display=popup&scope=publish_actions,user_groups
FBApi Вт май 3 18:39:40 2016  ---------------------------------------------------
FBApi Вт май 3 18:39:40 2016  Item Url:https://www.facebook.com/login.php?login_attempt=1&lwv=110?client_id=&redirect_uri=http://www.facebook.com/connect/login_success.html&type=user_agent&display=popup&scope=publish_actions,user_groups
FBApi Вт май 3 18:39:40 2016  Content Type:text/html
FBApi Вт май 3 18:39:42 2016  ---------------------------------------------------
FBApi Вт май 3 18:39:42 2016  Item Url:https://www.facebook.com/login.php?login_attempt=1&lwv=110?client_id=&redirect_uri=http://www.facebook.com/connect/login_success.html&type=user_agent&display=popup&scope=publish_actions,user_groups
FBApi Вт май 3 18:39:42 2016  Content Type:text/html
FBApi Вт май 3 18:40:14 2016  ---------------------------------------------------
FBApi Вт май 3 18:40:14 2016  Item Url:https://www.facebook.com/login.php?login_attempt=1&popup=1&lwv=100
FBApi Вт май 3 18:40:14 2016  Content Type:text/html
FBApi Вт май 3 18:40:17 2016  ---------------------------------------------------
FBApi Вт май 3 18:40:17 2016  Item Url:https://www.facebook.com/
FBApi Вт май 3 18:40:17 2016  Content Type:text/html
FBApi Вт май 3 18:40:30 2016  ---------------------------------------------------
FBApi Вт май 3 18:40:30 2016  Item Url:https://staticxx.facebook.com/common/referer_frame.php
FBApi Вт май 3 18:40:30 2016  Content Type:text/html; charset=utf-8
FBApi Вт май 3 18:40:31 2016  ---------------------------------------------------
FBApi Вт май 3 18:40:31 2016  Item Url:https://www.facebook.com/sem_campaigns/sem_pixel_test/?google_pixel_category=1&google_pixel_src=https%3A%2F%2Fgoogleads.g.doubleclick.net%2Fpagead%2Fviewthroughconversion%2F995153884%2F%3Fvalue%3D1.00%26currency_code%3DUSD%26label%3DOfKoCPXz2VwQ3K_D2gM%26guid%3DON%26script%3D0
FBApi Вт май 3 18:40:31 2016  Content Type:text/html
FBApi Вт май 3 18:40:33 2016  ---------------------------------------------------
FBApi Вт май 3 18:40:33 2016  Item Url:https://www.google.com/ads/user-lists/995153884/?label=OfKoCPXz2VwQ3K_D2gM&script=0&random=3431939978
FBApi Вт май 3 18:40:33 2016  Content Type:text/html; charset=UTF-8
FBApi Вт май 3 18:40:46 2016  ---------------------------------------------------
FBApi Вт май 3 18:40:46 2016  Item Url:https://www.facebook.com/ajax/home/generic.php?dpr=1&ajaxpipe=1&ajaxpipe_token=AXhY9eorCa-sV6u8&no_script_path=1&sidecol=true&path=%2F&sk=h_nor&key=nf&endpoint=%2Fajax%2Fhome%2Fgeneric.php&__user=100008129298080&__a=1&__dyn=5V5yAW8-aF2O1p2u6aEyx97zERaUK5EKiWFaay8Z9LFwxBxC9V8C3F6y8-bxu13wIwHzQ7R88y8aJxaUPhbDG4Xxm267Ef9VVpo9XxemFEW2PxOcx2q5omxK229yp9Voy&__req=jsonp_2&__be=0&__pc=EXP1%3ADEFAULT&__rev=2315471&__adt=2
FBApi Вт май 3 18:40:46 2016  Content Type:text/html; charset=utf-8
FBApi Вт май 3 18:40:51 2016  ---------------------------------------------------
FBApi Вт май 3 18:40:51 2016  Item Url:https://www.facebook.com/ajax/home/generic.php?dpr=1&ajaxpipe=1&ajaxpipe_token=AXhY9eorCa-sV6u8&sidecol=true&path=%2F&sk=h_chr&key=nf&endpoint=%2Fajax%2Fhome%2Fgeneric.php&__user=100008129298080&__a=1&__dyn=5V5yAW8-aF2O1p2u6aEyx97zERaUK5EKiWFaay8Z9LFwxBxC9V8CdwIhEyfyUnwgUb8aUZ1Zi28y2HoiKcQiVWxeUlwxxW3Ouumm2uUjBGqewIUsz8gCxm5ErwwyoCium8w&__req=jsonp_3&__be=0&__pc=EXP1%3ADEFAULT&__rev=2315471&__adt=3
FBApi Вт май 3 18:40:51 2016  Content Type:text/html; charset=utf-8
FBApi Вт май 3 18:40:53 2016  ---------------------------------------------------
FBApi Вт май 3 18:40:53 2016  Item Url:https://www.facebook.com/ajax/pagelet/generic.php/LitestandMoreStoriesPagelet?dpr=1&ajaxpipe=1&ajaxpipe_token=AXhY9eorCa-sV6u8&no_script_path=1&data=%7B%22cursor%22%3A%22MTQ2MjI5MDA1MToxNDYyMjkwMDUxOjI6LTgwMTg5NzUxODc5NTA3NjI0Mzg6MTQ2MDc0OTIyMjowOjA6ODY0MDA%3D%22%2C%22pager_config%22%3A%22%7B%5C%22edge%5C%22%3Anull%2C%5C%22source_id%5C%22%3Anull%2C%5C%22section_id%5C%22%3A%5C%22408239535924329%5C%22%2C%5C%22pause_at%5C%22%3Anull%2C%5C%22stream_id%5C%22%3Anull%2C%5C%22section_type%5C%22%3A1%2C%5C%22sizes%5C%22%3Anull%2C%5C%22most_recent%5C%22%3Atrue%2C%5C%22ranking_model%5C%22%3Anull%2C%5C%22query_context%5C%22%3A[]%7D%22%2C%22pager_id%22%3A%22u_jsonp_3_1s%22%2C%22scroll_count%22%3A1%2C%22feed_stream_id%22%3A59405824%2C%22story_id%22%3Anull%2C%22client_stories_count%22%3A2%7D&__user=100008129298080&__a=1&__dyn=5V5yAW8-aF2O1p2u6aEyx97zERaUK5EKiWFaay8Z9LFwxBxC9V8CdwIhEyfyUnwgUb8aUZ1Zi28y2HoiKcQiVWxeUlwxxW3Ouumm2uUjBGqewIUsz8gCxm5ErwwyoCium8w&__req=jsonp_4&__be=0&__pc=EXP1%3ADEFAULT&__rev=2315471&__adt=4
FBApi Вт май 3 18:40:53 2016  Content Type:text/html; charset=utf-8
FBApi Вт май 3 18:40:55 2016  ---------------------------------------------------
FBApi Вт май 3 18:40:55 2016  Item Url:https://www.facebook.com/xti.php?xt=7.qid.6280487947702606157%3Amf_story_key.-2858209337790334941%3Aei.AQLftbETLMKfz7NFQNUbzKTqIj_0V7RQZr1_8y9mNGV2tRsLQVLtpHVwuhEZ3v2icA3o60-H3nVnnMqkzLIFwFdYrw0iDbKgP0N8foUP4fs5JbbOmwxkCQZlNcPbnIm0H0qL9RmgMBOyGQm6ygi4DRVuOUAMB7G0a3cV4A6OYRc6xZIl0lgzma-h54ARFtaKMNBNViQFggxCItRN8XEUJgfu-62pG1TqlrznJa-XRM-YYHx_jwQeIWWHaGQB2WCwkwLfmibyMyAs4wVMALSvQp88cWCeJRbSTMnNF2vlpoH7W-NXTaUAEA1SOCSY2nfZQ-EpcPwADWc5eTJgPUbMq71Q7izzQShQStycwQasVFaeBl7PQalg9OM2mEZTUrANE-jevdzdOyNCJW4HOnGOo0PtaSzifZj-wWyO3ywM1H1F7222BXab70gbjVNErZcqToUZIT9nbWxCXVSmdL9_Mz4AmxYSexnTbLI8qPtSMZRUTXRvFOYMoGbIC9tfv2uCE0-1YCBProbRVP2DqkPsNdGOnq4P0nYLBcpAMwNedC0f3sH_3uL0xUUuiI8vVrMxtPvXlFcLHpf-lo_VDGIehOmunxLuDu9Z6aDaTufYYZr6BMLpXQ6lykytbKVOj-6x-NNnCErwVylUUXCSQSvt88C36UivPodj0GhxrRTtDP9Or9ozby534broR5vbUIJ340SDlrA6cBSXkbTEpgpMZcXIZX2T8Iup2wZlSO2QFS-FFc1tewGczoQ-0AnqDR4MtMvdga-1r0qKkCPpmWqaOBJU_V4uAI5hgAtuKJZ4SCp-UyQmLbjiEj87BDxgvb2Irqp2wIUfLnM-VHqGhIghTkrRjboRih24Tpcgj6qkjLSlpsprjyp0eqkURsUWD6qRWJFqPd2pmaGDxihTJMgWgB8F6u4KU-VrCLrjROoJqbOo2R2WuHmwu7dvTI9MuQVdkG0E6CrUIXOQQUcle5D6Nf5dDrZRHmjfOQvCzEJjwM9mTY1MBPpq6cInaXrch4Tn35T5ISVfgo8cGKXXb5weihUQYn-xrSCz1utR-zIdi7wZxDkHI31sBQXWx0t2DfCtULDekmnybSrrrGl7gAwBYG9213N_GLsdBTLCoQEhp0vXAKpFUTeTHdNqX2hJJUPYq0PFaOJKL6xfTo0OnUd_y1G2FMSP9StwV_9tYub01yIM2jngFxUNLH4B-9QJ7h9c73kznTN70hQFrf6L646DhjIVew4Z85VKlRWWyyO8WFfpnfbBD3A2DzOFEDpk4RBf9UJWHbALItGK5wb2c2w6kraRSoa-96sO7E87r51qN15kRQ0jVdL2l3dPePLwLl24cKBN9b4p8a5MirUzTETSVwltMxsLys24rAWmRxN8vuxcKCXOHT2-Y6mgsoGP8kNaeHg5EZOgBRF9GS2xlaCXV72BQDmL703LHZXMuMJrkc2lMRRN9qiirIJCCC3ycUO_1bgfVa41ACWKuOxi5txT-LpDxifgevErCi8p78cIfz7MCESh166Hg41XQHRvYbwX1es9Q20HU9lo48HtV6__WgagTs2a74VftOAQzozxJVjUa3WZdPgovkx8Cfr1D0T7qBll3faInbtnJlvFqGzIEhVIBChcU0EpeGNROSks5YaKCiv5-aa7dco94oyTIPfzg2k--1RQHdM_0z7u-z2KYV4uVfMXH2VCEx-29ZZsrx0O170djb8ZY2-FdVzccYyxooi172Y5mjkB9cNnVpV0clVHfIe_369dlCWFzjxvgqYMPlPqseuUKckDw1A-zJulvOncbFlqc818iAsBI3-FUjQYhOOcqICP4BZVJEjEvUyy0SsjI22ArYyLD1tf7er9zoNz53ce3DC0XOXy2a_Up2u8v7uMgd2breVs0ugqWOqKDe0bjbdg9W8LG6wNNmL8hkFAnhC7Zqs7o2JBE4xieDJf3FiiC6kKvVh27l6sPbRZW2xoFZQfH3YOtqXTw35rc09iiedfpOyQd6cReqJkKb3NTYfAOkg3vcmX-wtojYT7Vbc1AXRV5kpqJxuyw2XepEDtY_ZU1XgdZebg3pYRmQqZq96iKPs2SLa66TV820T2qZ6Vx8VOvGy85oBQr8KPD0TBe1khpXd4oJpPVmRTp6T7TQQw-cJzznrQ95ji6BK1yZQ4VqTEBhn0in2l6gQ6uKaVpUsa-30bi67tpnsoudZvSnkbR4OUm7jKsyUQriAkuTV2yMQz9C33g--7-GfSOhRae-86GJmNC_WV6aQxA1ZKBOiRTdGWNi27TsscyttrCN75gdX7iy0nbLz7sAVB25YCI-mPuI3nUgJkM_D923M1o28KZ1SWF1yoAXtvfOpHGxUPV6cPtV-WfJZAHYfQPmCrilWzSfmUd1GzyBjeGkHvoHTu0a0fBeWT4Px8II9hCvbDPbaFXoIwk_cJl-f9DyHJT3TYfcuKSxejijmMNmIToW-Fc4PCuQ98muXMj60kvYQZTXqTr69kuPK-BQcad5OPuUwMsTCcvuWyhGvgBs6gISJdCKLss3cCfynp5Gr_rvnaaqRqQSUvvIyyRMETX5a7WyBF8MUiP4MdeGFUk_wnZCPHWV99ZHd2E2lyuvXnk4saYDO3wvW-mVQGs6guQtkVON1Q2cstGrh7ovUuZFpAWZEzFk4Dj3EaRz932jGbbQyW5rCaZPnvLV9GBhZfHYH_q7qY5SzBMV9ZXTSnheV4WH2sbCsawvXFcF1YxW3iZRTVQznT2VToVd8EgnhLUcIn6sewNhkodtI1O62_UkIybbrVXZVmdPMVmyeMwkMaD-wjLGJMZdi3DU-hCbkhZgmI54Im6J2WxdbsDWVyaOyZSsepsitSZad_DZ9Y-KE31Q8JTxLIskMdeWZs4x9a5t4oYx-FiaT_dU2Qrmfx0tRnBNrtk-YP2FlYSYnHyAyBmK6X9h3PXlmfXo323gt5QNdpG9_pIIq6TrbQGnFMl1JKNaYaJeU2fw7ph2Ah_7RIYWmEkQOhp2_-q-dem1zfpGomCRfhGQfe2DuBxfoG1sM4CyXpUg836xx8qrowjQN1gCVlLW-TUrrTDEvNBG8IDVNMLTu2lDGAIyQNg9_i_mYyyxxD8gs1Y--j5F3L9DYZub6rZRlUWVhZvwsBJy-juqhUh4jjNdldWyA53oRThpe-n5YWYvca8JE-v968rR3nWnZFHozju4ZayWien-H8zuqe4mjuKYOmCNu3H-TeN_ehXLrW8fr93h1SHmvfDins39mDuDzKC2EfQ76ER1fE90jnZzqiDU3U8OwlXeMbZ1SQbONRY2OLzuiDHBQAN-xYBwP6ZeHAgmGsLgi-1RekjgVRJ0qIxqezhzWHwj_TOq9cQ6iQT9phThG0KF5Fv5Z5swTq2WQ-S0wFKXCeMygDq_8gaeVO0an0ybUSV4p7Ey4_Z0FgNgF30wctmIBGDAU8pK_JXGvOMmFsN3L4H0gTBrEmj0br12pTzAZn71R2mN0LI6h0kn0ESjF3MYB2YUlVdQv98Xe4VJbbnQ7vEkGpu5uvz6SVU5dYXjOqT7lRyATm692pZhYj23b5UTkQ_BRteF1uyWbxeigTp6ohub90q95WmmZOfre6_u3FmcbYe8b2Qi1DBf1h9ck4KUcxtxx7g6AiLDxkg9-JEsdBN7ShI3mEzs-1LN4AOXvfr3ML79o6AO6rwtC22NgxS633f7tMVfE6CxgX9EWT7WykXMoKHGPxFDMMoG71_k1TAR15OKvQQVH7A_8pGOfm9xCbbiye7LETCseDeV8L-A0J1fa9_mJcozElC2vQ0OVaSGZ3Hc32hiRaIeLLzNtBI8e-SCeLp5LkWrvBmD1IoGJrVT6YsowHfiw9t6B1y6wAJdq0vEMZHqSm_iUcq4sgde2dtqM7qo34wb65DwqgID4qArE-rOPrioVcu1eDkUzvaH98QAiU9zqZIA_UN-oI76Ka0QREjLa2OFRY3jHSDtLqP7X8Dgkwjtl6eiERVSok4vvtUWx4sVWDdxtvBP7euKWfOWZ_mXrJovhoaj6ZXWhyF9xmMJaIAfOplKw5YcI_StgSPj78&isv=1&cts=1462290055
FBApi Вт май 3 18:40:55 2016  Content Type:text/html
FBApi Вт май 3 18:40:55 2016  ---------------------------------------------------
FBApi Вт май 3 18:40:55 2016  Item Url:https://sync.liverail.com/?a=AQ6ebcghg0klWGJfb8LOECFXrh0VHey16w1Je0Iv6lc-9Af5mscMUeMG_im1a6nIu40sBR7e5rRBLBWcPDdzcn1Obo-0POi4N-QMgJsLvmrTqw&c=700316366&l=0
FBApi Вт май 3 18:40:55 2016  Content Type:text/html
FBApi Вт май 3 18:41:19 2016  ---------------------------------------------------
FBApi Вт май 3 18:41:19 2016  Item Url:https://www.facebook.com/ajax/home/generic.php?dpr=1&ajaxpipe=1&ajaxpipe_token=AXhY9eorCa-sV6u8&sidecol=true&path=%2F&sk=nf&key=nf&ref=tn_tnmn&endpoint=%2Fajax%2Fhome%2Fgeneric.php&__user=100008129298080&__a=1&__dyn=5V5yAW8-aF2O1p2u6aEyx97zERaUK5EKiWFaay8Z9LFwxBxC9V8CdwIhEyfyUnwgUb8aUZ1Zi28y2HoiKcQiVWxeUlwxxW3Ouumm2uUjBGqewIUsz8gCxm5ErwwyoCium8w&__req=jsonp_5&__be=0&__pc=EXP1%3ADEFAULT&__rev=2315471&__adt=5
FBApi Вт май 3 18:41:19 2016  Content Type:text/html; charset=utf-8
FBApi Вт май 3 18:42:07 2016  ---------------------------------------------------
FBApi Вт май 3 18:42:07 2016  Item Url:https://www.facebook.com/ajax/pagelet/generic.php/LitestandMoreStoriesPagelet?dpr=1&ajaxpipe=1&ajaxpipe_token=AXhY9eorCa-sV6u8&no_script_path=1&data=%7B%22cursor%22%3A%22MTQ2MjI5MDA1MToxNDYyMjkwMDUxOjI6LTgwMTg5NzUxODc5NTA3NjI0Mzg6MTQ2MDc0OTIyMjowOjA6ODY0MDA%3D%22%2C%22pager_config%22%3A%22%7B%5C%22edge%5C%22%3Anull%2C%5C%22source_id%5C%22%3Anull%2C%5C%22section_id%5C%22%3A%5C%22408239535924329%5C%22%2C%5C%22pause_at%5C%22%3Anull%2C%5C%22stream_id%5C%22%3Anull%2C%5C%22section_type%5C%22%3A1%2C%5C%22sizes%5C%22%3Anull%2C%5C%22most_recent%5C%22%3Atrue%2C%5C%22ranking_model%5C%22%3Anull%2C%5C%22query_context%5C%22%3A[]%7D%22%2C%22pager_id%22%3A%22u_jsonp_5_1r%22%2C%22scroll_count%22%3A1%2C%22feed_stream_id%22%3A94563328%2C%22story_id%22%3Anull%2C%22client_stories_count%22%3A2%7D&__user=100008129298080&__a=1&__dyn=5V5yAW8-aF2O1p2u6aEyx97zERaUK5EKiWFaay8Z9LFwxBxC9V8CdwIhEyfyUnwgUb8a-dgvkwy8xa5ZxaUPhbDG4Xxm265pQ5o9FVVpoS6rxemFEW2PxOcx2q5omxK229yp9Voy&__req=jsonp_6&__be=0&__pc=EXP1%3ADEFAULT&__rev=2315471&__adt=6
FBApi Вт май 3 18:42:07 2016  Content Type:text/html; charset=utf-8
FBApi Вт май 3 18:42:09 2016  ---------------------------------------------------
FBApi Вт май 3 18:42:09 2016  Item Url:https://www.facebook.com/xti.php?xt=7.qid.6280488072419162289%3Amf_story_key.-2858209337790334941%3Aei.AQLHUXrNNqlSuxX4WaFfj1XGuIVltFnM9XAIVoTmsrOZx6zvfOE1zvA9SybU_bPnkQ01hmevEkfErlwt0sPsn2hul2MLqlRmpa6Z8ULRxdcQ4Hv0Ar-3U7PaQkktZt65fUq-9-WV1Kj4jaAyzSBomEBipPW3gNm0mk82i72VtrQ_Nufr9tbD2H9QUOoRFLULJiyHQIYhgRAv03wYn_5E9GnpjUJ_vM0ufPQiecY3w0Bz6BBMkL8a-8xjiRwGvafrjShEHc4sNIbBVvMk_e5WQns-p971cIdZtsTJc1bZ-OpcrJ-Cd1cp8TO9To-riNFT0TckflkhvwcFFOaZBbLeMrfRjar4_UWL3QEtn_nQNMhsKRG-7KdZRBkNWRDY8HSIZFzu7tjuqu2d_m-V4S7HbXVhs7feJn7nxa95GYsB1WnIIFhCw9l9aLdOETD8qPkqZAd45T3BnvIvrNonZkjD5whQmuZpJA0-H1FSnLykgPHDpDMkcH1gOVctH64C63a2yZNRFuHybzRV0xFaoBCZQrB2tJW67GJWLUFuYlVg_FFckJG7UTfqkLqOIy-FwWIf_Mvc-xuGiKI1TCOHrlPrCs7IGVVDuPv03XO2dApfm18shJCo8f-eZn_H8_DO8wf4OeSjieB4Lt1CxMtZNr3Wdn96FkrorvUsAqv9EtUrZ5XHKDQe4qIFgFWO_NmqQsDfdGy82K85zXlyXb9ropRXzWNhAMGwP2EQvdGTQmDtXygIHROwQ_Bl4ppWpKQdt3d-r_JkDMlSYCR82szjmlDForwgy56NLvwL22T4kF9fBh49vW3gQxpGe7GS53pUPcpzutgXcbH_1uX9A9xLlH7maAcNNhsejdFZNJ4HIsjegCjCQLsjQPrO5snuBxgUWO1W-6qRw5i-fZ_GfoFFIzJFEk6a5__f9_OHd9BgxXMrPcWZPyxfuZUrpCJhTXQvY8o3Blwz19Ms6xh7ex-G5fwk_Vm0Cls2KhjsxTnXtrTT-DecN_5pEsjZVOIWV3c9CBTKn7ipNMPEcLno5jRuEsaiqvoajhmJ30mKZI6rXMR8reQVv84InRY-U4AFUKweW05K-E0nojqoRgWed_FcRRT7Gr1FVFMaGytml73zRlwLitVP9jhcLa_j6IRxeQjidA9czeWnawQGkx90dIMtSiczbRT6bdXLWFILtYPKfrFlJtMEtQLhx0rSMVztE4VYY1i5ZxkVYGLkNwfIDq-jpjDeNVXvr5-B3z7B6vdobZtRJ0mGcZgL4mCOXKRedOnpYmWPiy1-1wGj1Y2v75_DjlIyehQsUoGvBYqJ7Yl5-CvnBO16MqE0kpV7UkSkNGuAvLVyLQjhk2ZNgN-Ty7CUFawe0zn_UcImN3wL8NPcH2X93lgW__JYzGB77yL_4k7yb97Md3INNwxyfzBxuBDcs1lRe2SixMfZOapxR_YXErywd6T27OFGi2mZNko8HIJAved7Nt2bk2CUytxpxfptVw5c8gx41WeytmcEUustyJWKYKNwn2nSQLOp0uSi2X_iimX9_K1B53_4jt1pIgcwjQom-u6kW9vmScg2LL5-x0Eie3A2KbQIaP6-NoIE7YabGmjoGhe7ZXDKCHxoCs4MjQcTAmyAfFvsf18wkjqdNoeIWcKKUtRNxz9ZbbsQPpEKQsNLJzy83nn8W52wcVT39aLcC_iwR7R4DfmIvFhXtj-85u35ekFGtDqa1_15EmYWXEVECpZo2PvH0KszAjB_v-XhCZmPEUBL7LCvsakEAFen0MJtru3zGh7aP9D6ax_1VcxGIFTaL3duhimqxRhkKFQcR4aUILvcUQuODybE_tGNz6RZKNT_zH7LUJ7RbDytGES_5cvhhAoWqvSUWCm_OTs5FPiEW_rFKDrrJyWlGpAAp91FgR447f2u2WbahBzhgOEs_GczhguU8n8aZYWAe-FkNY1cO-BgFoO5DVQIcb2C5eMwdCiGYlC_wkMKLmieYIjl5XdsIZH3g1PlC5MbXhyorws8iWozFvd49NT7n2krpS3nsTrPbA3M_B9TJryRLGZeYRGIbGH5F6gOAwJwBSZhPDXaeRSf_SRzN2hfdn7632Pj6HwLzXnNtzljWha99Gz03jIpSK3Ao8fr4XAJCEuexNDTsXhsRG3_AYOiLLs3ilkrbJVybZTUPJi-YPMDgJXDibN_WRN8BJY7K4quXXFKN8rp34WaR1Q_rE0u6hSL147pUSzxcepmhH_VEPTbvPiPdIvTWD3wngSwca70LCXtC3fKiC5-UKG3um2AIgvPIAgrWeaAs67f3I5jGGFwOCTVgBvJxXqlbrKcVea0_2deKrt9j7aytmp0XGkHLEuLAlNGmf8lHI3Oyys0n-9AO53HMiFVbLBVbsyM6HWmEGEYQC5HCgZTojgHIc79NaktCqqCMUof5Zozl3ZKnOs7p3qZ8ZMwIp7RSIW39ZAQukl5rzq7q7z4sRuhVImyQPkWuzu5YOX0TUxF21jsyfjjTqwpVzYWffDGrueDSQXvT7d_cg_81oFiPvqAplua3YU8sLioSTI9Ms8laMKrJPtuSPeBcgQxT2kbCON5szUs5eSZsH4_ZuXcsw4TO1u2fOzo29vBYIifi6RuE-itrOkQIU1oAAoJ_dyJnuUOOojuG6GL2r-Zp9RqIYc59JAW4orj7pgCDiuw6AQ7w53V-qUZ2re15bvBYNo2wY29_sw39_GJRkbQjTwj2XSOIgR64yFm8cdUGJw19_XcQvFkZQ6XMaDZ1lvSKpQxyiw8kRvjUaBnyyoO7aVoYQPn3kyC_F72hR181PkM-0cCrsK9tYb0pXFMIJZbYjvyCf2p5SZnDHckiP7_Sp0QPvZ8LQf89Pw31dCjrr-rXjiN91AKRZEtojQA9bMhJlTRa6roJp7qtt2s6Yu8vQ3h8X1JNMuI8yFpyQWMK-iAGk5dX50ibaip4M5cnk3V5PymE6Ld2ntWgP8WcSXgBNDSEPHLbvtXSg4bQIT_-iYmHvBTW7aG-AOvEwXUYIFQ1inDCBT0-jR9hylqs4s8tCGUbEEeEIJiTAXcHsroAISfxKsjeAzqpnb_URE0Kex2odVBQCavVcj5YkWJLf6_PNL99A9Xhb7I5reMDfrO4Ucv9ORwj7Dyz95Wi_BvERQXlv9_-YvtCU4W_G4pYA647RimJo0xXFMdVnXuYSSwLQHH4nHldT5W2AArcOPAexMkG0FHmb3WcyZqlLNDuDx3CwI39FDfPIYpiPiLZltGz0yAHXOzQGFArS2g_35PApV-MJopezS7rA8IKogtlpED9DWN1_ADa5igk7asCUkYdD7g00Q81UI-sLeDJJYhWfNzuFAQrf_J2GxYipvUaaqiMkrIsD4sfeB2yoUO4o-dj1T6MekJyj0UMthaW0yVK86DJP0bdDZhqBBBtnr96Os5M57mlJOo2xUxuNhbcIElnBO_JwpX7-Cc_uYe5bTmOftHS2PEmKDZJugIR5isKWger6Xc4RVzwmEFrg3-0eFOS8cymcds-1z6w3PoF3du-9XRqb08Y6G5pT3szA5i9wv5TmhqDGwBVQDog2YW05ASQczH8LQCuWwM1oufuPGY1-4gM9YxlHHxtCjti_j_VNAEu_r1JuLx8uFdEFDgZ_zWPn_eyk9G3aUGYM_48ke1gaR76Znwni-F3hzV1jeHibUJDQmBRENYJJKg_JBx98yUfrOYqaweVT5Q2t5bsA5juPKUjxtYmiF-zGMO8n-4xeSMcs0VTJ3JLL2JttZNjilUrwP-z20c5mQ-ZUcDnHt97gxncPCmKEgZ13VuvGy5Iyu-cG-zZpyndXuJ36cs0B8VLjNzdF34gwKId8sa4BoQAvjiKOOtXPvNdvrY5fvEljK8QKdsiGEbOHiIRaihbdeZs1CuEpa_78ykj1OKjg_2sf4wvfP06_gpKjFRNpE3iEp2X7ZAMy29jxNgNYwMDxeb26PcBiD3yrm4YpTYqfzAcJb5mXdTxjOqIrHYOkkckYIHBlESXgUJSttJSEkIlF6BDviR1FUHTBHXnPHQV5TONErNrKBj8R9G6SyuTNo8NeG8kB5leLfa7PThFskWP0KGPA&isv=1&cts=1462290127
FBApi Вт май 3 18:42:09 2016  Content Type:text/html
FBApi Вт май 3 18:42:18 2016  ---------------------------------------------------
FBApi Вт май 3 18:42:18 2016  Item Url:https://www.facebook.com/ajax/pagelet/generic.php/LitestandMoreStoriesPagelet?dpr=1&ajaxpipe=1&ajaxpipe_token=AXhY9eorCa-sV6u8&no_script_path=1&data=%7B%22cursor%22%3A%22MTQ2MjI5MDA1MToxNDYyMjkwMDUxOjEzOjYyNzQzNjQyNDk1NzkxNjM5MjM6MTQ2MjI1Mzk5OTowOjA6ODY0MDA%3D%22%2C%22pager_config%22%3A%22%7B%5C%22edge%5C%22%3Anull%2C%5C%22source_id%5C%22%3Anull%2C%5C%22section_id%5C%22%3A%5C%22408239535924329%5C%22%2C%5C%22pause_at%5C%22%3Anull%2C%5C%22stream_id%5C%22%3Anull%2C%5C%22section_type%5C%22%3A1%2C%5C%22sizes%5C%22%3Anull%2C%5C%22most_recent%5C%22%3Atrue%2C%5C%22ranking_model%5C%22%3Anull%2C%5C%22query_context%5C%22%3A[]%7D%22%2C%22pager_id%22%3A%22u_jsonp_6_1z%22%2C%22scroll_count%22%3A2%2C%22feed_stream_id%22%3A94563328%2C%22story_id%22%3Anull%2C%22client_stories_count%22%3A7%7D&__user=100008129298080&__a=1&__dyn=5V5yAW8-aF2O1p2u6aEyx97zERaUK5EKiWFaay8Z9LFwxBxC9V8CdwIhEyfyUnwgUb8a-dgvkwy8xa5ZxaUPhbDG4Xxm265pQ5o9FVVpoS6rxemFEW2PxOcx2q5omxK229yp9Vpqw&__req=jsonp_7&__be=0&__pc=EXP1%3ADEFAULT&__rev=2315471&__adt=7
FBApi Вт май 3 18:42:18 2016  Content Type:text/html; charset=utf-8
FBApi Вт май 3 18:42:42 2016  ---------------------------------------------------
FBApi Вт май 3 18:42:42 2016  Item Url:https://www.facebook.com/xti.php?xt=7.qid.6280488072419162289%3Amf_story_key.-7712022374019865457%3Aei.AQKNYKutxwvbqWT45C_Wk7013r2KCy78pg95vDV3sa-btFRPNbA9x9oAn_QG1LhBwbeJ53zU-p9SgYi6ClQvrsY5HvU5Cy8EWFEm-mV2wUNyD55LVoaSYYTI4wQHNcx1WUW_jnx404zOMksnISG1AqGAtmuobaeEFExXQlD7AeSakzszSlcaqp0Xl-4OnZf5kwaubktYJcVtd67HjrKurg9OcD35ZVBtHQ5kBXKbtIsNToSLPr9YyXN_gwo0aDAIO6g4ij5h2rYOJ1reZEGNmm9ClcR0j3uoUuajQCUEW33rxdROis858R3Qaq1BPCO7sUcfmfYwk3wacTYazChWFt1s6FBA1Px7pQz0DTOQR3-JFCmetzjZcEg3sRisTrQO_Bg2RLYon2sBS22dgbKc4temBcynOwCgww8lw3cgPbDnpeIPY0rPj2HoEfrobLig_bwTHoCpTqlJJ0MjktBMYLJNBsOEnSCwchbjayaK_HJYyjtIMqbDW8uWnTtJ6FooFcHUigN_RL9Zmsb84gP5MN6RIh1PkrdMZK4QtnLj2S2RUW5L_kLKxeit-H15A6xRVKmjTGS4G3-J1QmqvCYokQMyUgGcmXSOjfj1-vh8f1gp3fj1FL7jkfe3O1W93A2vUKnAmfkjNHbGzTHaFTdYA8eS-L0eejohwEcyB866elOPmSBo_023gui_VhWWbhhjwVUgCZWWs0B07P_zbT-3KHHSvCa8LDZeh6X-Yh508mY7j5xFX1AfJV_uSNAz94ZyjHmw8KryhM8NAbEp05cZNW_-isN7RVqeSnybRc1QbwhQTZVlwy52HXxntCsowNytqkASNNH9y0HEtpkju9D3erkVoAIPGlVKsgXROBtrzOc68IkLKGza3JeeE9bCGXbrYBNJMKzkylYyvvR4Cv3K4Kz3kkvIFwCtEKJ6GljPooHc1ZRZyhO7tjFKny8DfPV1OciPxi2xBtq4yaX_Oop4bNGmOzwcTUTvSJqu5BisJRIltKZsBow776otyf2CBg69kmO_aOaWFjeFdU34lTn1OfizwQAG92KNVfXu6q3Y_h-UgPHnoFEGKQNVxxbZm47EGgcZaDuiQ759xpcyJUXxqNgsAw9wTPEVPN_Y7JQfQKgWBsc4A7GjxnPZghIf7S61tsAgj9eZ7OzjCv7KDDfz9hi6MbmGdoeTKNjYTdTANTAP1-AZ754R1O7XUAM5PWuRrBmJK7u2eyhkcSk1G2QHk_4KGb7kTrqz5rYHuPeLPiId_8gQCzHmGfypfAM-5hvTKJ0BD2PZOLNziSrVMhAgP7oMvmTV9i-rqPTbfa7h34twASBAWOFnuR5ejp7RK_188pVooU8bVkXxrVqnay9gCHMsOFZIDdNO7dn3js2idBCrI7zg9dfz98F9zwKm9eV2Xz0JIBVJN0r9Ue6eLquUX8bWwmF9iiuZ1azxSOAPpotD1wDsAl6KQgysV9rGWL0CkYE7fxSC651WMo1WCUzM1PozCLZ8gLU2KOPuh0tWpd10-T1bkzPupwibpOI6zkW_R-sgcP5C4NR5VDdYVtZrag9-TO7eIA-9QymNXbPm1Nj5_68Pv4iSRbTDBDWUoI2EMbhO5HUWQqmhllEjqxG7xjopjEhV8n9Bieg1FTvx3AglBK8pBhK81UXdhjeR1vv16b35HxbWw6cQyoPsQzoLG9TRI23tZbAf3DwUFarZ45mdJQQoLvOSH7Pq9nPirhWIhYZE3EfPnGucenfIPizml2S0KHIRYp56KGyMGXpwU5uEXaJ1TrnZy_tzLeHdSIuyk2ZS9rcKFAzYmtyvosI3odfUDFaPll7-NSDBQaieOzY0KD4eOHgFovXFBCFsWlrxnGyo5XzuIiEjnUof-o75hMhC-O5zdrtOS4UenXiTuCWBAwE2xO2yrjXvKAfgUiAsvZwVcp_CiWWIn1HRKM7fZKR0u4FFyt4eBVeK_vkx7Kw90aMwOnKl9N5L1PF9lRh5ByhIlNPecObwANflLNP5YSIjLS59s2zfcF93p1jsEDamb7CtCs5d5h-7NAwdWZmZ0pHB8QSjvWpIsnOV3J1F3Thnynt4IvhzgCdyV_Eec6ZQk5C93eN4E0sWg-DQKc52g0sMyO3a1lm_PMA1XBWl3FXOD7Pw_vo2ztKXzsE17NIuJb5ToKHZo_H5xtm4wUcx5SYlVsFJzyL-DsjVx_EEAk1uXEDAKihv8FBdsSNmbS5gcRSIdFGwEuPmQ9rfaZbOaKowgQwrgfEgfQ-hCbP1qzy3a4hwmlcd4TEPG7t7p1xgqE5v0_ChKoYdRyBYAzfen28bTHg7p8ByV9cqc6USxTW_mQjp9t52xT9ja_GPXq1U45yV1V4tCTefD6y6x4Sj-3Sr5Ih4lwyRtUQRbpCmRxzLhr92-upVYkZdVImZtqLOg2awBjov4xzFs9ONVGtBTeE1KhhsYQXGHqJMeX5PfZJe_WSUIrWKsP_4Ps2wf_6m4kSmQTZU71AgZzKaxGM42j0QMj8Q5B68t18nXvb3YijWwjciFCq4Bza81MKpFc1CxX3dcEKeG389Rmt6FmhomNxCw8LQwOulPBXXFiEDTSaIYhUFHPhbBT8pbeWz9EVrfun3UjdEKK8AmTfqiNBDlEwLR8EQq9JxSzgoG6QWZ6a11F2G3Reuq8GNfnbM9G8GFfi2RNihOLIcU4tA-r-kbV7hwe7J_yK8rdvQiMzN-5QzXTi5WaFB0vJJDOhBabp5zNvCLZ4S6stGUSuOCLVYmvKz27rUc9Ys724ll8Hmv79Ba9OM_ribizdvzpBXl_YNJnDfIS1jlUwrBkvS9NnjHzRA3gWxBIbNO-A70_YygnuObQMx5J6D9wcgEQl_MMVSnr3kvJfkz_qfopabVC7bSsctlnG0n4gK7maKmxtLctgyYNp4PaYJR24XFeyEBeIKZXpShac0nu2v9haBAl30TsJzOYtgh1lC4oq6HpwFwlpDryBgWvK-b99uzCWXBLLiPA46GBrr9TTV-nflptOf_R0et9mjNK42NOAH246s94CQTpgbBWwSEd3VB0ud89ObKc98ETEIH7JSe0-8L8tnYcWKQxjTK2o5eMsXpYJalL7Ac1BSPCfcTgyszd3Il9HAVnkWnqDOJVAqtXXTtjRTKTN1r5nLOl_wYI_2cTTqH1D6mE7lKuEoFRf8gg5oSWZcpRIS17MmcGsqIZqesb8fsuHmCnUJP54Df0F-e5HJOeAh1pmOVj9CMEAW7aFMpjRts-WpqEtYkBMmxP3iy80dqgPzwSkyfVOxwCB6hmtgsoMhqAZWms72q6Zs2Qj1Qp5Stm-cZSbYpzM7k8KQEMeaO5pu1DgBhxHpKDbvDku2O48jDQoRyZnQeTnUIYNf_oQ-F9a2xrfPGhBGbRBFXim0wL9khGJ1FBKmBu1u64txcMqCNkdudWHfjsBHzWN68alvk-74tLumKjMTtrsDloxYu059y3edGuBiRzV9jFY56Ht-v_ziNMiiGEUCd9I305HXQTwSIg2WqV_jxWhovOOni_VqnvgnBjudFTHy_l7U1sMsqhyxDZ4qE0taazJglhCsAO8bXB4TtnN9MjCuHJxompuoK7QwUB3F8Uu7NcqbXy_SpFkqZ_m1Y6P8NrDJ7cOFXP5TqaLOhSFnDbTGotTSB0A3dE9aHS3T_5hQS1Z2wJmTplz_L8Wwq0AsqE1O1Ap2VDQwe3PW9uXSnXpvNBnnRUEZ1QEMeWOJ_mXFQDG0KE4zYT-jd3gJTOyz3uI7d0EjK-NgPE-tvJ1KXTPNAuBqpZNZydxkrSdRw982heCmC3YphE0vRclxJh1ME5xfSa56oI-yHuqeMMQ4_b8gu1E3Lxy8PBnPUNIo2_VRwGzG9GUCAcZ2RxkEJd6VAgGCG59AZ09vFWaYCbuqCXW6T9rXzyZgvAESWfr5TfD9Iv9me3NoTheEIkVnyD19DoFSUuCJnnRQ7bjZJE_JvO4RoYoYcmojxkXjkP6crYdTkjDi0njpoPAQZKKsJKk32pL7wzPet8ajLNgbSMebMJCGlodI1XCYeeP9wmVzjcZhTdy2rSglWOGGSD8jJ11mNMOswBFC9GJJOgozg4l4KqGzzxGtrnyLIMPC8b_Lm-FH2QiSCRf5iRR6PAPLLnMeGFkZ3T3NG9rYFUFFGn3nMLzI62zOlM8eoWcLxTCt4JYn9poYVY2-0wQrNQoM1ogwsICBVZPbSlShs7vm4objd_tnV2KXZFM
FBApi Вт май 3 18:42:42 2016  Content Type:text/html
FBApi Вт май 3 18:42:42 2016  ---------------------------------------------------
FBApi Вт май 3 18:42:42 2016  Item Url:https://www.facebook.com/ajax/pagelet/generic.php/LitestandMoreStoriesPagelet?dpr=1&ajaxpipe=1&ajaxpipe_token=AXhY9eorCa-sV6u8&no_script_path=1&data=%7B%22cursor%22%3A%22MTQ2MjI5MDA1MToxNDYyMjkwMDUxOjE5Oi0xMjI4MDg1MzgyNTk3MzExMjU1OjE0NjIyMzM5NzQ6MDowOjg2NDAw%22%2C%22pager_config%22%3A%22%7B%5C%22edge%5C%22%3Anull%2C%5C%22source_id%5C%22%3Anull%2C%5C%22section_id%5C%22%3A%5C%22408239535924329%5C%22%2C%5C%22pause_at%5C%22%3Anull%2C%5C%22stream_id%5C%22%3Anull%2C%5C%22section_type%5C%22%3A1%2C%5C%22sizes%5C%22%3Anull%2C%5C%22most_recent%5C%22%3Atrue%2C%5C%22ranking_model%5C%22%3Anull%2C%5C%22query_context%5C%22%3A[]%7D%22%2C%22pager_id%22%3A%22u_jsonp_7_1t%22%2C%22scroll_count%22%3A3%2C%22feed_stream_id%22%3A94563328%2C%22story_id%22%3Anull%2C%22client_stories_count%22%3A12%7D&__user=100008129298080&__a=1&__dyn=5V5yAW8-aF2O1p2u6aEyx97zERaUK5EKiWFaay8Z9LFwxBxC9V8CdwIhEyfyUnwgUb8a-dgvkwy8xa5ZxaUPhbDG4Xxm265pQ5o9FVVpoS6rxemFEW2PxOcx2q5omxK229yp9Vpqw&__req=jsonp_8&__be=0&__pc=EXP1%3ADEFAULT&__rev=2315471&__adt=8
FBApi Вт май 3 18:42:42 2016  Content Type:text/html; charset=utf-8
FBApi Вт май 3 18:42:42 2016  ---------------------------------------------------
FBApi Вт май 3 18:42:42 2016  Item Url:https://www.facebook.com/xti.php?xt=7.qid.6280488072419162289%3Amf_story_key.9121175657280386094%3Aei.AQLZZQuFma7svddxNHKxA6hJt9Uq6cOGBi-thK8ilQNZYadecCVQH2T4OHD8XStsN6Urx5v1jxT5w14p8VBL2Z4DLdkILZaGQfJdenKjyKMKfbLIaW1MWWQZD2JSbWpuKW-KOAYMK9HEJHn_xYlLMmTY8FjpS7Bfk-XgrIG66qzWrTDswv-2PvcatxZoA_U_BeklPGjz42KQ89r01W58BbpfY0j9NfXsueP1mqWiM3_XJkv1lm6wzOIZN71J1OpdgMAAEukN7m9kaTXy3WQm12BZ60m0iVt1yzoALexUnKoF15_6DhpFJgZ9TWnmWnLTuA85nLT9D6O2tme6T30KU64HrVFxXCuVL4bED21X070cUrOxN3oAFJWCVblQH64Mn83yErSzHpNmywM-OzQAq0qztw-2PDqYq-T-OKiugqVKj5YPvnIz9gHknQnhc4mXET0HiOQv-bJZwaJIR1o_VDSA_dsc0clbdc363RggPq3mQhrc0x9w1sNeI4rLQlMulpzyWPdwX7rByiACw6WMTmNFcFKofgyfMxOHGOcoYQ5s_iT9QC9HuVCpkQeCCkXD8Acp12nYMppNDCS-DyoNo0XEXe8drnaszeiR1JxzcIbJ0tA0hK-unQVbOK_sBK8urQUsgO_SI6Jdj_sZ1OpGD2_G-8NM-94rTYpge8NcebJZEDMeVthZfHM5mPlH-7Iy9ufvSRsoMXGxduC0ihHIAovGnqZH41tj7BALgMCoy1ebJTT1zc0hur4hMF8Q46QguxShoOF14_jb6Kd3NIqCkNmIIMyb7Y8l2e56ZHJBcZzmcJrsXpm8Gx3xAjD_wXlkY8lXFgC2f0r4ECS1SaEmLHYpAkoT3GTRV1jkpRF_6q66enLno1X17LZv105N7uqbQ6qfJtD5SciAMwyZVv5bn6sifgEMSL7wnoLTTHCxhLI6BnDqPTWsEZaAi3f9AdspT_fQtU5sh0G-rnrXGxSQXfQl5NCtipkmJ7kfxqlLszpuvNl0pwWStHCZOkw0KDuLql81Zl3SU17UiArnszvBeLNeZ3HLSYjDxKac1LMVm-346w47jrQlmYffTfhJYKF6cBxo1iRMGiJalu6Ee17RVOE2TjRQcqD_ol5uUQn3UMLEyrjdIYT5Kdrm3E7GgnctdLHxIVxmLKoV5QPSaY63m0HBAFDsFeZekEU30GPUy05IKe2wf4MyAqJsOFAcEywCNmvYArSes8FEItQauWFrzhY1IKLsTrr9lLyMrYjHalKfleWUUqrNOK1egPmhoV5cSsBDtZQCdEDV5VVJbsEVHPktZL4Eb_1HJ2SI83ncAsgoK2ACpbNrgpU4TqkJwykHwWeGZAyFij0HZkLjDmzpCzqH-nlSpa-NbTsRDkDno-X8ZaoEBUAeRSkEqVaxifzTYbIuNOnmbhD5BtU6CXzQ69ztzG9JIDUujj1jjnOoj8ZiYm07k6kZPw1ztuMq3-UWR2aJn-qVBejheAh_O79-28pMEptGCc5NzUzG64T_W8M2W0tPw4c6r8IYbJ0kKhdd3hKCVNcTIyGcduB8mfLrOHfb8Vgz5QLK-gEIsOKnDx7BhW094QtIIibHxCYjdb_hTnuYD8azZsSor6cAqlFUT-rK_VsEhNxn_PHKs4OgFIuziLMN-SpbgeJuw60RlvgY6Bl1N2kfY-wO1e6moqT_L1vvvGltsCTcV_eJtz2yeclLUar2BFJKz_sMTJFYTN-WTCtEUJ5lr9eWANIHMCzoKLIIxNsvKZ1yFPQN0hkUljaEJtlD2OcHq3QWsv8w0OYNQ_N_8QHxR2pIbDNPeGJ_h3gUD8QS856TyjJjsR-UA7dclPfc5pkjy9ZwqwGNcrv42xshC4E6ciwLMToj9OwAXhCcLmAuKhH08nHpRXIECAgMpHP1rLugjfwcl-9sYxsm0PnqMNW68CqznULqnNcMYF_5rj-tVf5abQyu2Sgyhjc5rqiVLI9fRyaudz6LQ-kLrbCQSybk22Fytrr0IorVTNdWJK2inVohlUiF6ZLJzLyHi9ivmF1fXzSb9HZswwyCM5uZBH8xEiVbOA4d-y9Pe-fhA9Cqnsm-rYWoxZCeZQDtb2WCXDyJ6g0hm1ukUiDNmoAypbdL66qJhoXobG8MEo2zpxb_cWZhAP5SRz0H2XdKoi6kfougq_T5KCav0ataxWrcmnhxtQDu6bKPE-INnnZxSZcGxHUGxWKfjIG9TYnJgppK2GQqKZ4mPyjvKTfHVpK2BeR5KjWirCkiLFOui0JaVpTk6-_4XS8DC4Cy46ODEc2X_XACe9EuwAtNehjRo4e2vE74x6brCjuzMQDlyPrqZI43wNpaVvAeTt-swAol8-QppXnACha_Pk0IPsiSrRaJS8LXP9_jYh92mlI0GjSMxGHGQApTdRonhOnUX4lst80-kXr46kNRG3Y_XLpvl3tfqX4z044GMFSktUWDC3I_EC71Ie8WGBFsvuW8y9F1ABr2N_ZwA0bmxl_EuGfYJ79OvN8XRqYMVf1Rx2IYvGfgz35A1vt3E8m3HUFhyZs-GCwACugWL6fLBNXtL1kgZzrABjCvhXrp1IkmoKPO7M0ElWXAlya0RLLExNLWl_Q6NfcMdWxjyYSaqLA1_1hcy96ybCW6Qar8DFWnAQj6Zr957edYZeed_wTdbGMMfk6HnjFVecXWvWMfztSHfqGPfRA54co5BnE6bIJQjQSGf7U4emawIEF15tpNWu6id29dePGkfmmMepZOsZXQPdsYW_DVqLjGtlD6uRMGDOO22DIYVpLLqUsYDJnD280BfhrcDzEdG4aj7Ht_JVcNc_CwSDb-tqxiAbHRiegvgYkXnYY3k9gtPmg4fbuFsw9nZ-ApYUnD6fNAVWZP4OQBHUS9QtKlpd77t5E2PHBOGFTRNJfvFo9Ne1QHJi9L1adn55PoK7wvY2nqv8mnbs5ni0Oe5-1U42IHVDwmagRqdH9ldIp_mFYJ3hacC8Yd9PwHfekLHqudMGIUFgh1X1kZrjXmTzNtNCahGweiqVrw45Eay3nPJUpTEL2fGL5M7nabRwa0Q7630XkMuueEkuZO4bWOAKGiagFgbqAZXwP-zquf9w1TQfeUNslJ5aCJjYIwbUZ3Y7U438h2ArirBHg7zqqhG8ws_f_czuUlz0yS9GUvEce8pMT64G_Gt--KcxpUGO8y3cHeAu7TGp4Y6NR_f2ds8wvLpZBfkIRTI-YWZnZ4q7l3_lCRXUDVGSQuTH9lwKaOMHw3zLzGmqlhGNT9tAYmursmE07WfgbVlJ6qBSCHLx79Wj5aS7TtGGMLsCQ02hGdJ04YAI-WJHkzqrcJyiB4WHfhSJad4WMJs55NHXLqttJ2YDX0Q6uMg0D8hgSz6N22PYnq63YsxhIhCmXK0v06x7Jk5Gj-pnqeL3yagM6phv5vN2CHCfuOLa8VGazbtb28cmOjbdyoj0vSi_0-dttBZZGrTxpOkF9zZ4x3Lt3Sw5Keuaw4A0tPas4wRKhheIWYR-q6s7Ke6Vp4Glxc5-qeEAm1VRtR_Gc6GTIDs1_b6IBScHAvC-mw0EV0KdXAp-wK4qyGZb_l8qpsdcZAWnlu-BGZDB8M1fH3H6ngQWGappwJ9CcPH_8OJCO8vVKT6nwJyKyw9nqZCaN9wmPaJTZFDytUSD6K5xH4_h6lBqQTujyiJ_17ReK39psKTW_SDlGJTfqEfx1tbaR6eXuYOETgJgkr4DVIgmRbOkIURXKvvecT9aS_jk0ehF8tEa1iYnZ1SUTobtNxI1hqnj0PfHSDoDKHo7K3uF18NSGdqN_55yW6a5wu0GeCKo1UNNM384jCnRpVSL_NqTaboSDHIadInPZFf_yaMTMuhPr1Z9DrSdhq6poBbO3kolWII-F-n3dr8XqqpUcwt3gPttfiKxxcQeqUOcU-M2EG65nI62sDh4jYGCN_zVmDEYwNZbGoT7eKvaPs9uvyhhMPR1m5Hgb0dT2eD7Bhs91ot1mhML_Lqbg4kzdtyYXKMfB8cCe9gR4MXRrGTeQzn3Ps-vXkr4H_Guf2B9QjNs_hyb087Wu-z71V820gtFkXc-yw26bw1irNc1_Ij6nFIMeMwpA5iXLv-SiblCTupJCUNrNN8KS-AXrXV76hr_AzjVG4TWgWZALFUL5LySnJ8m2O_ieJCZlcwHc&isv=1&cts=1462290162
FBApi Вт май 3 18:42:42 2016  Content Type:text/html
FBApi Вт май 3 18:42:52 2016  ---------------------------------------------------
FBApi Вт май 3 18:42:52 2016  Item Url:https://www.facebook.com/xti.php?xt=7.qid.6280488072419162289%3Amf_story_key.-4761682126841514055%3Aei.AQKfBsGo8UT8fgS6Hxya22P6rml_hg2WlnLyhFyPNcWxy3pXAAMrhlBS2CpZPTd8gqzlYod4COAJRVI6lsm11vd_2ik9z4R0W--J3ymU5gup0khDrpY_ILHoBTIrdUv3Zk5Dg4pS_Y5CnxO7Mvewlh8i4qN-gDa9X1_47NCINm5aAGUT6aBu8-7q93qlOUNAz5z66vFL3cxgzJBzpnRh0BMFTm87PHbTVVekQTRK0W7gmiG2JrodkRE1HfspL0r2aM55RW2VhLX_R3IiyqaSTeUDS1VbNWhZN871kTyVOgMX49mbbXoh0I0plJ77xRHhlXjn9Y6WZQ9suhsmVSyFcHGKTqyIGHPI-FldB_0bdxMWNclarL-zSTGjVpS0OkLjNaKlFWcX5gPuxu2YQZ3xfusYO9AlHGW6ELzPuT3z4pcqxacPGYr86IOoOlk5KUVIatINbWfS61MOEL8_d8q6Gzpr57DMcIuI-U2qRE4o8mzGse7tClMkzN8S0nrRaSK9BNPI8UVgMoJtrdL-7BaeTry8yp971tADkjI-svXc5c8DUC_gTH2UVGMUSU24ijRaZvROnisJq1uwoB4VtV3B4wZcEAb7drTdKMvhWQ4MSwNoHIHTQf3cRiPPRIeI-ts6VTwsdHmaMF0VXpfr6p99QvbOTR9WY37Hqobvxcy37n_hzjyaMUvF-8gnbGeToe4cmm1Rf57A_6wUDk_d6LfyUx_CP3SF4foBC1H8QidKuZ-ogGgJNjgeKdkHh2uF5UC83y6p92XxUdjo9DxqO3axTwJS8pHyOS3qFLOB0UXnwnmLGMP3FekO0Yb65O0qp7kIOunRw4odsxXcOyn6nYbf1LKgSbX6lf8VrPMy7qkI8oQXashl6-X2K1qvlLixzuD9mQTiFNzevdL7_9EA5YHAEyUP879mzXhuW9tICjjrDsUW5vfhsSkLdakskHY03PKcdFAsnMvlSwmGP1Hb0CrrDNvFITQB0Nr_rso5FMbkFGBmDtBSD-E0Ywm5emRbOx8gmJ1qlUaj5pIikI2xNvJMxQZh36DvU3mH1mpGtIQxki3g36ZrRNHQLX1iH_6K7bXB5CulFY6OSXkPUDIAulinOYHxe_J7Gb4Wz_bVVYS6I9zriNFAH3PvVd7x5yiU8VRqtirgMfNiadL1YNprvQ8kjaK21MwlApro-uSIVlZQ7yKUxAD8CvhXOd1y6W7SJZLn4fB__UBlgf-AE-BwdVZTU0rEcuXfhk0G67TFi3jwctEZBmLZhs2KvUP3YvlxMK-zlGHphIPtxP32msGtV_uVy01buItsu7I8inqrOsWyyWQPUg6dTtRK84tmZ1BRsPcqex62DN6jGVN6OEz1DpjoAbkTaLZeM5xuFMsrB9GYThycuetqY5sE1-M__eKLt9hS4BgHZCF2-VFh2-WJNzanqOKRz86ow1WLoJBfcnPYWa4B5smjkMt56juIWxqOprrjpmeQ2kNeQ-e9NZTYgLE6BKtqus60jAd96cjCmM73NksGg7oxweN5b2yh66sO4PZ-D_9WovxAi-swY_I8wZCsPhh-1cPDHltVlX4wE9nIN-QF8JgClrYioc5opRXo-UXpPeQsr8i4d8avQGxUw1un1t-dODWxXo5HtknpLDtAD0O3vgBcsJ-khi8dtCknVdun3e3YsYoMjXMKMfqVKmiFpBO9ScBx583glIwVAYFsmjbc1mDqE1zpkiR_gQU_mol30B3_rKpd8qfJiwntsHEmtn9dr4ot5fr43WjXGWECVHuflguxZeX_XMkm8Pq-i1khhs7bVnI4HV8AD0PZO4PiGZAf9ic73jbLJDISBD0MnDkWmLkyyWuRlCmcGUF0Dhr94VkaVa503Bi3IArr2XZv4L3vxBstyOcanBKnw47mVWyrvqnWLZwuXnQkbkOnRhX_KBl7t1tCGFEZcBe9lz7D9j3hNYOXw9xJVtw57GNWcscjJiDpYMdnJIT9Aggrck7F8BZ8tZKqqj_HQW4C5fsvPq2rditchcLfEdBDtuwPEkqbmNKvjicX5IQXH57Wwj2CxdroR7aW2MJq7aq6rIsL5Y05KoCIoNItPLFFhimcjy65N3cjQXw0ezYGUlHXORgTFR-SBTsPxUVqRpcgSQ5SvxbCTAvuN_g5VtXoRkbPD99r5FeY3tlTXxUcp0mvTY82QlY-bzDzaxJ557VhIc05W36zhhaw2qe7dRdo8dWjU9eBIK66r3x1zCLJazAUm-_icYODtN1rHzgxFJHLAR0vl7WUBEAoTsTfo15jUoqWT9vQb3Fuf5_CpXQq7ad16Jg2IPPXN-E894sJySrJVyPw-GaRkw1Q2aX_uSMZj4VqkkSpA8X_sY-FSALUpeUti3T4YcoWLkgSE4oeXyeVJW4etKJreyUWT8blm69_ymCg2mmuhI3FOBXJjjpmfF0tbIDIc64lHKvXVvePSV9iWpP__qvOp4S2His8i2wPqpBJoANGQhdbG5KmQNLEWnRp2cg9o6o9fjrPG239vGrie2vS4QyEx9eFyM8OMwg6liFSuOY1HUMHv-ReC87FTURhYaQerGAjlYt4pDgz7jbKtfFvkrQvvKO26mjNPWKy68mKSTdI0TdMbyt7nGEyOz2o5td8woiHBtf1jLtn51UzeYK68M7rX5ApFnl77N7MJDEo5kbKKrM3mdVryVxAWfnQKE-0WtOv5VI0qowtoZuTzZV-huwC6bmaW3iEq7FeQicmJAzdtVXMOEPqcBEBk2EmGkiMiM5zTVCfSodZmJax1fHfKkPu97Jerd984VfDlReGRwX7c49oi50JDjoxA2gXBep63SiDb7H5d-XZwlzzxhD4Yty4O71u_G6MCzes74Ge2_SXQeeYjiCG4c8QAsRRBqVnbhqtwAg36t2ONZXXmcOwQYf0cFvfiQUDaRP4h3FhwveX_SpGkL45thCh9m-_HV9OecLpP3u4uMt3tj010ZR3htCXiOXIRI14ZhmZ-EBtF0wb1pvD33fl_UgsFiDXfX2rrp8Tnv_ju2CzkCsfMK41z7pgjQCnXnZ4h7iXH-1UfSkJQ5Lc-_BaUDCuB2g6HGToIh6zDdvOdFag-5JZNOTe5r4vPoOKptmhoGYBemtVwDwyzZXONKOLWCaQwY4a__wtcxS3kAwFQGtVad6WS7uzJIC08mhxLqWamxnGg63s1jGKI5-ZPBTHMetl1caqUN_17rUMfL7qabcPbPHJShrYHQOjhHtfWlKQUKQmHEUpvULGmf6FCG-yKi0Pp-42bR7XBA4yYQBKvPAzHcvKH2RcYQq91POQKjDom9J_TkNNWNdKo8s9xLUr4uUIuur6BbMmDZJA3YswPA963sX6-orLbKerEMb6BK1UuspXysOKizGvhOdsIbZOPoAg8q3Pq9DYKQk_1ZYgYzTCd22VmagxYRIbV4uapCC4ePZaz4nR6KnDvL3qk1op-gTs_OndZvN2U6vXmp061xsywV4TuoYx-tpOGiitzQ0ChEz6nOv2pBsD5F4LAYPJKtW9_l2bNUC0iLcWMDnmh_Bnl6Xiy8wLsqc-QIX0GeLYNnt3i4qKKgPY9TuiBRREfZaDQmYjGVLSatVLL-hwztaQVo4U7eUFJhlzS6DW5CnEXqkY0N7wrlxZkuA-R3y72djmZ1-5NgrahhPpA8bT-rnS2fy_50pKgQa1O0oNOny-fUaBtQam_F-7Cn8hctCLUzoSFSGquMhmPwQhtFg56EXQFx7VFn2EnrmaSJ-N5Ev3e7MARZs2SeyDpk9YR-3PEjP73sCrq6qPUYanDOnliLC98IJ3m60XY5QbkM1BdbfA5wZMezjLY-lXPJc-hz8v3pqnlmuy3ITPQOjq2lO55jFYfthmjcJF2_hnv0H23GoHiNIhZXGz3uBGROG24FQTpghXWd2ECANfNdBaI4yko9DSDBrXFMjPLB1ArdZapxBgszqtlj8fnde_JTDUOHJolsumRn8Xz04-qbSmIC7BYv33CyGO1ruAHpRijsQG32cAK5RACJ4v85Tw3PFLtR4ahPq8KeZCXIiFu-S5_zaXDjAZDiOrcIq_kfoLNqqqX6ZPkFEYdnSW5XQaWazsf49Pj20byMw_XFJsTIMq6ZinPmplFbxbl5Et-bLtKSRFB_gbxguoxiBGn5oGs5kJ0_myG4ddSpFY3ADW4WlZtMfTDYVQA2J9mE0lnPxL
FBApi Вт май 3 18:42:52 2016  Content Type:text/html
FBApi Вт май 3 18:42:53 2016  ---------------------------------------------------
FBApi Вт май 3 18:42:53 2016  Item Url:https://www.facebook.com/ajax/pagelet/generic.php/LitestandMoreStoriesPagelet?dpr=1&ajaxpipe=1&ajaxpipe_token=AXhY9eorCa-sV6u8&no_script_path=1&data=%7B%22cursor%22%3A%22MTQ2MjI5MDA1MToxNDYyMjkwMDUxOjI2OjQ2NTkwMzQ1ODU0MTM1MjE4NTQ6MTQ2MjIxODUzMjowOjA6ODY0MDA%3D%22%2C%22pager_config%22%3A%22%7B%5C%22edge%5C%22%3Anull%2C%5C%22source_id%5C%22%3Anull%2C%5C%22section_id%5C%22%3A%5C%22408239535924329%5C%22%2C%5C%22pause_at%5C%22%3Anull%2C%5C%22stream_id%5C%22%3Anull%2C%5C%22section_type%5C%22%3A1%2C%5C%22sizes%5C%22%3Anull%2C%5C%22most_recent%5C%22%3Atrue%2C%5C%22ranking_model%5C%22%3Anull%2C%5C%22query_context%5C%22%3A[]%7D%22%2C%22pager_id%22%3A%22u_jsonp_8_1p%22%2C%22scroll_count%22%3A4%2C%22feed_stream_id%22%3A94563328%2C%22story_id%22%3Anull%2C%22client_stories_count%22%3A17%7D&__user=100008129298080&__a=1&__dyn=5V5yAW8-aF2O1p2u6aEyx97zERaUK5EKiWFaay8Z9LFwxBxC9V8CdwIhEyfyUnwgUb8a-dgvkwy8xa5ZxaUPhbDG4Xxm265pQ5o9FVVpoS6rxemFEW2PxOcx2q5omxK229yp9Vpqw&__req=jsonp_9&__be=0&__pc=EXP1%3ADEFAULT&__rev=2315471&__adt=9
FBApi Вт май 3 18:42:53 2016  Content Type:text/html; charset=utf-8
FBApi Вт май 3 18:42:57 2016  ---------------------------------------------------
FBApi Вт май 3 18:42:57 2016  Item Url:https://www.facebook.com/xti.php?xt=7.qid.6280488072419162289%3Amf_story_key.-2281167996216779056%3Aei.AQK_2NXTwy2yGT9mtARNtFIO1gPckqY29okZNCUB6OZUTpOB03VsTvH_JWhquWF8qW81RbfzXFORhvxQWNUbKc9s_BKaLpVO1-ZDj6HU98LCzwavX4BflmZZqJeF4HsY4qNdpyPXaAHKTfLAK4CazEH5sIEhjn3TKaB2PaoRPXEBcHNtU7x7eRhilbOaDIWoJ0vetDGJre5NMHx90tIY7b7nYKwXp39UCwnDvnKxnExkXpX_k2OLuncwk8DofE0EWHML-M5CqdAJygUSunxiFgCTD1tW83q_tKdjHQVVCfkpHG-DyAJZ9ARA1yb-hnmSB0c_atnmPqSrjCHwdZVWn-miJ2S-gCLvuTow0CR64E56P4o3IhqZbc2-KuR0RNvzLaqYBQRz6bENNQt9Xwt20PubYJFarmOK3P5EoRa5AromjwGUicgtfYVXX7-GA4yCyHd4HNKhbKn3A7BnQEXT_U9tzjj1HtUtIzwe-o4g8JMchuZesgk74Mzyvtkfb8jtIMVr-5bb-kG0q-tmnnMNbSYsHqmTlMGJ6LocOEMf0mD4b6LGuzGaZbOtduMB__u60WwriTOBYuuPg4Bm3pkGmPpHCJ6tl1tkAKdlg5WgJEj0GGN6OWIGLMYcT1EVrY7GshBpBUezV06DISfoybiklIq1DUXkGklLc1-64UU4k1ZKrFr3ett7W_IwIyqbQmU7Kis6QQD4AalYB_0xB2YmpCLvZJPsF4UaplO8A0TtNWFp9TXVshidc_bbz2CrtolrDRz8yah5JZVcMLV9PbXAvBUQpoBZjFx3OwgXh8Gd5EzSm77y6Y1z6063KFpHNEh8eMsfoOPCZ_AHnXSmuMxDn-npIbuug0GQ_7Ytdk9G3sbG1_444w9zacUWjLt6sJuJPSFhN6IByTrE38XZG3N4ogQTjjqlvdvrDStSx6ajgQ18Rr8hYvZqoZl-r3YNoRmhINhzcGN1kwNfgSfK2aa6j9p1GWUBkv5m6j-uLS2HVjHI2MCg-jLk4IV2ZMzKaKOQBlMMP_1ajGbCJOOCjq0B0nxCUZeklFHE8EUgdamy4CKY1DYtsyf6dDAjEDux9WQRfVX1jLP-ey486nQ005_TywQ66UMIGkWs3FAIV49wlApS_7aXMBEYMagJZS_1EPOpcprbydVZldnr7Hz4naXx41wf5r2rLJCIuAxOvmv__2O_kGQi7zhA0SyONVZYsRhcUlGe1dHdaMyH9xVAe6-rwp62GW_jbHpQeTxgtjJQxHZkUnmKVMPA1lhVSKnm7FD-a3Xn5UcTgVFyLQpk0wMlaF4ksU-L3slN1KvDXnK5COzjxe9u7NFqk11OlFlWUYZKVDHzPrUbutPmciMEH7L3FFhhjXz1j8PwtGQvOkmYJDo22zrQ7yapCtEKnLOsvzPU6T4vFNcizr0GTgpPoy17uIugzsK5qdQTsTTcO5Dbn65N2dyqSlWr7mYGMZqQEOV_sdGa82bMhTRFQU7WsIoWsHaTUyywlyQXO515kcaA-oLoCf55hjtT8ZcAzFd6AzXogSqPercL91abNh_dYDklVYxDW2jkIrKqITKy_GYlDJh4YSc6mi0tgh-S4GZfM8myOIOuVSn99ekFYPfndmUnOEXESm1ACcD73z6HbqQpR7h8w7C7P9M1cS8BibwLd23cEfaH9yecRFo7wufbn_LUU5Y9ilFn0Ax7Ecg4Gn7BIL9oEpq8wfiJHtH2uPmviUaeOsCGaXGPjhsmG2knrVK3vCcqkeA0Pjqiz6x_4vcW3rFEIz4HB38HspfNauzBQhAqjyPPMoOygA2BJ5ObWNkxehSITCD2_LgoEAMR9j3eWwPookJx9MpPBTc8XnGk1vruo8p4WFuIKQ1U1BfCkcEKb0saxf1hsipVD-pXVgBo4notNBFfKVwolAEXQSOAnK4DxNSh0I6ApY62EkVwxtpw1FVSVCt2IUtJfjoWlEglATUXNojjhfnslKmADsC9AOvOB5mkXlgOh912MQ33U3w3EBPZ52kRnjAgLQsrI24k6pO6zd_BuZOsek6c2FVv-UG7B3sZoS8fvfkKUtdvkh3E2-2A7buyWySUnvRvfzme75byCl8PYtC3jOVfGOzoCZH9y8yfq9LPygeM5lLFAxo-G__RmtPsVmYzdWJg2cf3BDFxzK3EFHSI532i6fvodhXo4k372rtaszc6qzFJ2i-j694oikqg-qZWs2LnQkDosWqLTYBGcXXCjn8enTu78s2Vssh3M6sxFiYOq5GVjTC1otc5a1RqlUbSvFRRe6R--QFI6KoitTNIcK017UmqNL22emuMY8np22Of6o5o3Fi6dKuS-QC5uMYzIPkPQE-Mr2tiGkbXiZLdxjf24Qi4Yz7J31ZfDYxz1gRYlfKWBjdbSNQXUpHw_puDl-2YxnmW1D2vHPmsSq7bJR_H9sbrsHj6SR2eii3Tw1H0Gf68354TBsFbbZtiOl0cp3FyzhFclFgHV79furSX0FlmOWNwHa6F2_bYr3Q9ooMdQ2np4J1No02pEoq6Y2MxqNuceubFg83XI3W90ge9t3T5RqPKU34NQ4rBiqGkCmVIRRqmklKI2teCIkZNHv3pKe4oNoyR3TY1UFj35cYVzJTkhxVb6GMb-5hWDhZe4hEUbEMnhb-z1oqURHatIrUxdeZAnUCsQ2atEs3mHmwuEsetuVPY5UEkmz-9ARZrm-P_uNLVDQOhvUS_SCj7sklUmGDf7RSdeIs3lccKP19rAGvKZ3CAQB9M_49T9P4MWLVHhIDdsoInlVja_UXKNC7MkcCyGfdntIohyLcyMZxgoqZK3SuvVuuC4MpA5jQZyQZO-To45kGGF3OJGDyfjCpT6GgNAwTsHzknwCUcTcUzuDu-NFHb49Z1aZFWIcxkWQC0VW9vtcOWMjav8XLw2XYVpwZ8TechAkDrTas2oqEf-0yB9aLoG-fW7vtUI1Rb0B0_F_jEgrz-xj0nTEVLh0mn0YVS8lWU61FPg3wU2UqNoIfoE1kEwbfvGLJ1XrO9GrJ4hFiRasv9oWQmot_kGNZZtCU5EN-48_rGaokW_GM-AUP82c6Kwg68ZlHy_dJjDOA85pSgwd4iiaLHMVIIjkygZrHIW5s-KoJQac7lu9W6uijgBfUJNVm81dSFYclqr8HcTd4TjUoyUCzSp4rrmqNINyz4aOR9lQnu0KQwcMsWyiowZjycJlJQ0ApjXayBGb0JyI0FBHtYc7Zul0ygK-Zl8_3ByXaeTpWMneXQI1HDsnJid4sHHKu_qSNQOOFPyiNsF_CbIfMVKI7NjOXG9_W09O-1HDRZTwY0Z0s0Zyul48CatL1C3H89ufpL1OdVe3VVhyRg5QIe3KPO751QN5P1eTexfdAA0ohV66__Ro01220h7VLPsOeveVdvYD5H3-hllnpCye7uWw98CxyZ3VhsNzGm01uyCPWKJVNL3uhPRMnCLUqbw-q2jJ2ojgqzCWsIcfXj6Oies7NGxLJsfQJNw7vJyS4oKDCu8AvUKUuuPM2dl-QLWbSeLAYACRCaBp-zw8tTD2eKHOwr9bfJmdg6s-QD902xxkFBZoHaymEc54lQ_DW5uSzGO2ZrG1UZiLHV2h2mn1JbNORbZr48Jywui8JBSsK3p9ry_kPoP7ASyOdlkCbUACUnhb8AIMRR-0xQCODvVxF55qGf89HuCKxZTOqsm54SD3yKavqtFx-YSQPLFK6pfFG5cPWPYEEDE3E7hSIBZ8RWj6fj1Fk_ueZ8N6j4EQwrGxUowbig03MwGBOHV0dmufYdFxRJLtpeDga6Qn3upRIxXp5jMI0preEytv6eBdyboCuBAX5c6nqkpLrQrlt7_YY5PWIxhw3bmd2ASXSyYhm12c3ZJAnPJ2SdBQzGDRd86rLTdmD-U6DF5k5lqX8hzcF7JYK9wdJScIxmOBt7EK6jUZjBFtCoWDBAph52oabTvWJSFCOhWVqZ0HPBYlB4v1G_m3U8f2fshMO6Gzvu5zuSgg3DuDYf5hwRiuCASe8vOKGP0muW5KLD3LgcJDULcgeCse3v6Nd1JJdsP3O36Hna7GRL3fg_Luv3gj1a-Pt4qxj4uw
FBApi Вт май 3 18:42:57 2016  Content Type:text/html
FBApi Вт май 3 18:42:57 2016  ---------------------------------------------------
FBApi Вт май 3 18:42:57 2016  Item Url:https://www.facebook.com/ajax/pagelet/generic.php/LitestandMoreStoriesPagelet?dpr=1&ajaxpipe=1&ajaxpipe_token=AXhY9eorCa-sV6u8&no_script_path=1&data=%7B%22cursor%22%3A%22MTQ2MjI5MDA1MToxNDYyMjkwMDUxOjM1Oi01MjAyOTMzMTg3NjYxNjU2MTI3OjE0NjIyMTI3NzA6MDowOjg2NDAw%22%2C%22pager_config%22%3A%22%7B%5C%22edge%5C%22%3Anull%2C%5C%22source_id%5C%22%3Anull%2C%5C%22section_id%5C%22%3A%5C%22408239535924329%5C%22%2C%5C%22pause_at%5C%22%3Anull%2C%5C%22stream_id%5C%22%3Anull%2C%5C%22section_type%5C%22%3A1%2C%5C%22sizes%5C%22%3Anull%2C%5C%22most_recent%5C%22%3Atrue%2C%5C%22ranking_model%5C%22%3Anull%2C%5C%22query_context%5C%22%3A[]%7D%22%2C%22pager_id%22%3A%22u_jsonp_9_1q%22%2C%22scroll_count%22%3A5%2C%22feed_stream_id%22%3A94563328%2C%22story_id%22%3Anull%2C%22client_stories_count%22%3A22%7D&__user=100008129298080&__a=1&__dyn=5V5yAW8-aF2O1p2u6aEyx97zERaUK5EKiWFaay8Z9LFwxBxC9V8CdwIhEyfyUnwgUb8a-dgvkwy8xa5ZxaUPhbDG4Xxm265pQ5o9FVVpoS6rxemFEW2PxOcx2q5omxK229yp9Vpqw&__req=jsonp_10&__be=0&__pc=EXP1%3ADEFAULT&__rev=2315471&__adt=10
FBApi Вт май 3 18:42:57 2016  Content Type:text/html; charset=utf-8
FBApi Вт май 3 18:42:58 2016  ---------------------------------------------------
FBApi Вт май 3 18:42:58 2016  Item Url:https://www.facebook.com/ajax/pagelet/generic.php/LitestandMoreStoriesPagelet?dpr=1&ajaxpipe=1&ajaxpipe_token=AXhY9eorCa-sV6u8&no_script_path=1&data=%7B%22cursor%22%3A%22MTQ2MjI5MDA1MToxNDYyMjkwMDUxOjQyOi0yNzg2NjI2ODAzMjMwODE1MTQ2OjE0NjE5MzcyNzE6MDowOjg2NDAw%22%2C%22pager_config%22%3A%22%7B%5C%22edge%5C%22%3Anull%2C%5C%22source_id%5C%22%3Anull%2C%5C%22section_id%5C%22%3A%5C%22408239535924329%5C%22%2C%5C%22pause_at%5C%22%3Anull%2C%5C%22stream_id%5C%22%3Anull%2C%5C%22section_type%5C%22%3A1%2C%5C%22sizes%5C%22%3Anull%2C%5C%22most_recent%5C%22%3Atrue%2C%5C%22ranking_model%5C%22%3Anull%2C%5C%22query_context%5C%22%3A[]%7D%22%2C%22pager_id%22%3A%22u_jsonp_10_1o%22%2C%22scroll_count%22%3A6%2C%22feed_stream_id%22%3A94563328%2C%22story_id%22%3Anull%2C%22client_stories_count%22%3A27%7D&__user=100008129298080&__a=1&__dyn=5V5yAW8-aF2O1p2u6aEyx97zERaUK5EKiWFaay8Z9LFwxBxC9V8CdwIhEyfyUnwgUb8a-dgvkwy8xa5ZxaUPhbDG4Xxm265pQ5o9FVVpoS6rxemFEW2PxOcx2q5omxK229yp9Vpqw&__req=jsonp_11&__be=0&__pc=EXP1%3ADEFAULT&__rev=2315471&__adt=11
FBApi Вт май 3 18:42:58 2016  Content Type:text/html; charset=utf-8
FBApi Вт май 3 18:43:01 2016  ---------------------------------------------------
FBApi Вт май 3 18:43:01 2016  Item Url:https://www.facebook.com/profile.php?id=100008129298080
FBApi Вт май 3 18:43:01 2016  Content Type:text/html
